Instrumentation detected, disabling framework for com.github.uiautomator
Hook Loaded App:friend.secretary
#Hash: MENU
#Event: MENU
#Hash: 1104034752
#SourceActivity: friend.secretary.TipProfileFillIn
Source Activity friend.secretary.TipProfileFillIn
#Handler: Handler (android.view.ViewRootImpl$ViewRootHandler) {41ca2c48}
#Class: class android.widget.Button
There is a onTouchEvent method   Handler:Handler (android.view.ViewRootImpl$ViewRootHandler) {41ca2c48}   class: class android.widget.Button  id: 2131165185
Widget id: friend.secretary:id/btnNext
#WidgetID: friend.secretary:id/btnNext
#ButtonText: Next
#Hash: MENU
#Event: MENU
#Hash: 1104111616
#SourceActivity: friend.secretary.TipProfileReceive
Source Activity friend.secretary.TipProfileReceive
#Handler: Handler (android.view.ViewRootImpl$ViewRootHandler) {41cdef08}
#Class: class android.widget.Button
There is a onTouchEvent method   Handler:Handler (android.view.ViewRootImpl$ViewRootHandler) {41cdef08}   class: class android.widget.Button  id: 2131165185
Widget id: friend.secretary:id/btnNext
#WidgetID: friend.secretary:id/btnNext
#ButtonText: Skip
#Hash: MENU
#Event: MENU
#Hash: 1109485344
#SourceActivity: friend.secretary.RegisterProfile
Source Activity friend.secretary.RegisterProfile
#Handler: Handler (android.view.ViewRootImpl$ViewRootHandler) {42223b40}
#Class: class android.widget.EditText
There is a onTouchEvent method   Handler:Handler (android.view.ViewRootImpl$ViewRootHandler) {42223b40}   class: class android.widget.EditText  id: 2131165207
Widget id: friend.secretary:id/txtCompany
#WidgetID: friend.secretary:id/txtCompany
#Hash: 1109493472
#SourceActivity: friend.secretary.RegisterProfile
Source Activity friend.secretary.RegisterProfile
#Handler: Handler (android.view.ViewRootImpl$ViewRootHandler) {42223b40}
#Class: class android.widget.EditText
There is a onTouchEvent method   Handler:Handler (android.view.ViewRootImpl$ViewRootHandler) {42223b40}   class: class android.widget.EditText  id: 2131165209
Widget id: friend.secretary:id/txtPhoneM
#WidgetID: friend.secretary:id/txtPhoneM
#Hash: 1106177480
#SourceActivity: friend.secretary.RegisterProfile
Source Activity friend.secretary.RegisterProfile
#Handler: Handler (android.view.ViewRootImpl$ViewRootHandler) {42223b40}
#Class: class android.widget.ImageButton
There is a onTouchEvent method   Handler:Handler (android.view.ViewRootImpl$ViewRootHandler) {42223b40}   class: class android.widget.ImageButton  id: 2131165205
Widget id: friend.secretary:id/ibtnGetContact
#WidgetID: friend.secretary:id/ibtnGetContact
#Hash: 1104231952
#SourceActivity: friend.secretary.ContactList
#DialogClass: class android.app.ProgressDialog
#DialogTitle: 取得通讯录
#Hash: 1104728864
#SourceActivity: friend.secretary.ContactList
Source Activity friend.secretary.ContactList
#Handler: Handler (android.view.ViewRootImpl$ViewRootHandler) {41d5af60}
#Class: class android.widget.ListView
There is a onTouchEvent method   Handler:Handler (android.view.ViewRootImpl$ViewRootHandler) {41d5af60}   class: class android.widget.ListView  id: -1
WidgetID: NONE
#Class: class android.widget.ListView
#Hash: 1109485344
#SourceActivity: friend.secretary.RegisterProfile
Source Activity friend.secretary.RegisterProfile
#Handler: Handler (android.view.ViewRootImpl$ViewRootHandler) {42223b40}
#Class: class android.widget.EditText
There is a onTouchEvent method   Handler:Handler (android.view.ViewRootImpl$ViewRootHandler) {42223b40}   class: class android.widget.EditText  id: 2131165207
Widget id: friend.secretary:id/txtCompany
#WidgetID: friend.secretary:id/txtCompany
#Hash: 1106177480
#SourceActivity: friend.secretary.RegisterProfile
Source Activity friend.secretary.RegisterProfile
#Handler: Handler (android.view.ViewRootImpl$ViewRootHandler) {42223b40}
#Class: class android.widget.ImageButton
There is a onTouchEvent method   Handler:Handler (android.view.ViewRootImpl$ViewRootHandler) {42223b40}   class: class android.widget.ImageButton  id: 2131165205
Widget id: friend.secretary:id/ibtnGetContact
#WidgetID: friend.secretary:id/ibtnGetContact
#Hash: 1105935256
#SourceActivity: friend.secretary.ContactList
#DialogClass: class android.app.ProgressDialog
#DialogTitle: 取得通讯录
#Hash: 1110774432
#SourceActivity: friend.secretary.ContactList
Source Activity friend.secretary.ContactList
#Handler: Handler (android.view.ViewRootImpl$ViewRootHandler) {41ec2368}
#Class: class android.widget.ListView
There is a onTouchEvent method   Handler:Handler (android.view.ViewRootImpl$ViewRootHandler) {41ec2368}   class: class android.widget.ListView  id: -1
WidgetID: NONE
#Class: class android.widget.ListView
#Hash: 1109485344
#SourceActivity: friend.secretary.RegisterProfile
Source Activity friend.secretary.RegisterProfile
#Handler: Handler (android.view.ViewRootImpl$ViewRootHandler) {42223b40}
#Class: class android.widget.EditText
There is a onTouchEvent method   Handler:Handler (android.view.ViewRootImpl$ViewRootHandler) {42223b40}   class: class android.widget.EditText  id: 2131165207
Widget id: friend.secretary:id/txtCompany
#WidgetID: friend.secretary:id/txtCompany
#Hash: 1106177480
#SourceActivity: friend.secretary.RegisterProfile
Source Activity friend.secretary.RegisterProfile
#Handler: Handler (android.view.ViewRootImpl$ViewRootHandler) {42223b40}
#Class: class android.widget.ImageButton
There is a onTouchEvent method   Handler:Handler (android.view.ViewRootImpl$ViewRootHandler) {42223b40}   class: class android.widget.ImageButton  id: 2131165205
Widget id: friend.secretary:id/ibtnGetContact
#WidgetID: friend.secretary:id/ibtnGetContact
#Hash: 1111003448
#SourceActivity: friend.secretary.ContactList
#DialogClass: class android.app.ProgressDialog
#DialogTitle: 取得通讯录
#Hash: 1110895096
#SourceActivity: friend.secretary.ContactList
Source Activity friend.secretary.ContactList
#Handler: Handler (android.view.ViewRootImpl$ViewRootHandler) {42397a98}
#Class: class android.widget.ListView
There is a onTouchEvent method   Handler:Handler (android.view.ViewRootImpl$ViewRootHandler) {42397a98}   class: class android.widget.ListView  id: -1
WidgetID: NONE
#Class: class android.widget.ListView
#Hash: 1109485344
#SourceActivity: friend.secretary.RegisterProfile
Source Activity friend.secretary.RegisterProfile
#Handler: Handler (android.view.ViewRootImpl$ViewRootHandler) {42223b40}
#Class: class android.widget.EditText
There is a onTouchEvent method   Handler:Handler (android.view.ViewRootImpl$ViewRootHandler) {42223b40}   class: class android.widget.EditText  id: 2131165207
Widget id: friend.secretary:id/txtCompany
#WidgetID: friend.secretary:id/txtCompany
#Hash: 1106177480
#SourceActivity: friend.secretary.RegisterProfile
Source Activity friend.secretary.RegisterProfile
#Handler: Handler (android.view.ViewRootImpl$ViewRootHandler) {42223b40}
#Class: class android.widget.ImageButton
There is a onTouchEvent method   Handler:Handler (android.view.ViewRootImpl$ViewRootHandler) {42223b40}   class: class android.widget.ImageButton  id: 2131165205
Widget id: friend.secretary:id/ibtnGetContact
#WidgetID: friend.secretary:id/ibtnGetContact
#Hash: 1110959328
#SourceActivity: friend.secretary.ContactList
#DialogClass: class android.app.ProgressDialog
#DialogTitle: 取得通讯录
#Hash: 1102940352
#SourceActivity: friend.secretary.ContactList
Source Activity friend.secretary.ContactList
#Handler: Handler (android.view.ViewRootImpl$ViewRootHandler) {41ea0808}
#Class: class android.widget.ListView
There is a onTouchEvent method   Handler:Handler (android.view.ViewRootImpl$ViewRootHandler) {41ea0808}   class: class android.widget.ListView  id: -1
WidgetID: NONE
#Class: class android.widget.ListView
#Hash: 1109485344
#SourceActivity: friend.secretary.RegisterProfile
Source Activity friend.secretary.RegisterProfile
#Handler: Handler (android.view.ViewRootImpl$ViewRootHandler) {42223b40}
#Class: class android.widget.EditText
There is a onTouchEvent method   Handler:Handler (android.view.ViewRootImpl$ViewRootHandler) {42223b40}   class: class android.widget.EditText  id: 2131165207
Widget id: friend.secretary:id/txtCompany
#WidgetID: friend.secretary:id/txtCompany
#Hash: 1106177480
#SourceActivity: friend.secretary.RegisterProfile
Source Activity friend.secretary.RegisterProfile
#Handler: Handler (android.view.ViewRootImpl$ViewRootHandler) {42223b40}
#Class: class android.widget.ImageButton
There is a onTouchEvent method   Handler:Handler (android.view.ViewRootImpl$ViewRootHandler) {42223b40}   class: class android.widget.ImageButton  id: 2131165205
Widget id: friend.secretary:id/ibtnGetContact
#WidgetID: friend.secretary:id/ibtnGetContact
#Hash: 1103168736
#SourceActivity: friend.secretary.ContactList
#DialogClass: class android.app.ProgressDialog
#DialogTitle: 取得通讯录
#Hash: 1103441184
#SourceActivity: friend.secretary.ContactList
Source Activity friend.secretary.ContactList
#Handler: Handler (android.view.ViewRootImpl$ViewRootHandler) {41c1ec60}
#Class: class android.widget.ListView
There is a onTouchEvent method   Handler:Handler (android.view.ViewRootImpl$ViewRootHandler) {41c1ec60}   class: class android.widget.ListView  id: -1
WidgetID: NONE
#Class: class android.widget.ListView
#Hash: 1109485344
#SourceActivity: friend.secretary.RegisterProfile
Source Activity friend.secretary.RegisterProfile
#Handler: Handler (android.view.ViewRootImpl$ViewRootHandler) {42223b40}
#Class: class android.widget.EditText
There is a onTouchEvent method   Handler:Handler (android.view.ViewRootImpl$ViewRootHandler) {42223b40}   class: class android.widget.EditText  id: 2131165207
Widget id: friend.secretary:id/txtCompany
#WidgetID: friend.secretary:id/txtCompany
#Hash: 1106177480
#SourceActivity: friend.secretary.RegisterProfile
Source Activity friend.secretary.RegisterProfile
#Handler: Handler (android.view.ViewRootImpl$ViewRootHandler) {42223b40}
#Class: class android.widget.ImageButton
There is a onTouchEvent method   Handler:Handler (android.view.ViewRootImpl$ViewRootHandler) {42223b40}   class: class android.widget.ImageButton  id: 2131165205
Widget id: friend.secretary:id/ibtnGetContact
#WidgetID: friend.secretary:id/ibtnGetContact
#Hash: 1103669632
#SourceActivity: friend.secretary.ContactList
#DialogClass: class android.app.ProgressDialog
#DialogTitle: 取得通讯录
#Hash: 1103661632
#SourceActivity: friend.secretary.ContactList
Source Activity friend.secretary.ContactList
#Handler: Handler (android.view.ViewRootImpl$ViewRootHandler) {42262108}
#Class: class android.widget.AutoCompleteTextView
There is a onTouchEvent method   Handler:Handler (android.view.ViewRootImpl$ViewRootHandler) {42262108}   class: class android.widget.AutoCompleteTextView  id: 2131165195
Widget id: friend.secretary:id/txtContactList
#WidgetID: friend.secretary:id/txtContactList
#Hash: 1103907408
#SourceActivity: friend.secretary.ContactList
Source Activity friend.secretary.ContactList
#Handler: Handler (android.view.ViewRootImpl$ViewRootHandler) {42262108}
#Class: class android.widget.ListView
There is a onTouchEvent method   Handler:Handler (android.view.ViewRootImpl$ViewRootHandler) {42262108}   class: class android.widget.ListView  id: -1
WidgetID: NONE
#Class: class android.widget.ListView
#Hash: 1106177480
#SourceActivity: friend.secretary.RegisterProfile
Source Activity friend.secretary.RegisterProfile
#Handler: Handler (android.view.ViewRootImpl$ViewRootHandler) {42223b40}
#Class: class android.widget.ImageButton
There is a onTouchEvent method   Handler:Handler (android.view.ViewRootImpl$ViewRootHandler) {42223b40}   class: class android.widget.ImageButton  id: 2131165205
Widget id: friend.secretary:id/ibtnGetContact
#WidgetID: friend.secretary:id/ibtnGetContact
#Hash: 1103560240
#SourceActivity: friend.secretary.ContactList
#DialogClass: class android.app.ProgressDialog
#DialogTitle: 取得通讯录
#Hash: MENU
#Event: MENU
#Hash: 1103825832
#SourceActivity: friend.secretary.ContactList
Source Activity friend.secretary.ContactList
#Handler: Handler (android.view.ViewRootImpl$ViewRootHandler) {422b8f08}
#Class: class android.widget.ListView
There is a onTouchEvent method   Handler:Handler (android.view.ViewRootImpl$ViewRootHandler) {422b8f08}   class: class android.widget.ListView  id: -1
WidgetID: NONE
#Class: class android.widget.ListView
#Hash: 1109485344
#SourceActivity: friend.secretary.RegisterProfile
Source Activity friend.secretary.RegisterProfile
#Handler: Handler (android.view.ViewRootImpl$ViewRootHandler) {42223b40}
#Class: class android.widget.EditText
There is a onTouchEvent method   Handler:Handler (android.view.ViewRootImpl$ViewRootHandler) {42223b40}   class: class android.widget.EditText  id: 2131165207
Widget id: friend.secretary:id/txtCompany
#WidgetID: friend.secretary:id/txtCompany
#Hash: 1106177480
#SourceActivity: friend.secretary.RegisterProfile
Source Activity friend.secretary.RegisterProfile
#Handler: Handler (android.view.ViewRootImpl$ViewRootHandler) {42223b40}
#Class: class android.widget.ImageButton
There is a onTouchEvent method   Handler:Handler (android.view.ViewRootImpl$ViewRootHandler) {42223b40}   class: class android.widget.ImageButton  id: 2131165205
Widget id: friend.secretary:id/ibtnGetContact
#WidgetID: friend.secretary:id/ibtnGetContact
#Hash: 1103708384
#SourceActivity: friend.secretary.ContactList
#DialogClass: class android.app.ProgressDialog
#DialogTitle: 取得通讯录
#Hash: 1106159928
#SourceActivity: friend.secretary.ContactList
Source Activity friend.secretary.ContactList
#Handler: Handler (android.view.ViewRootImpl$ViewRootHandler) {4231cd70}
#Class: class android.widget.ListView
There is a onTouchEvent method   Handler:Handler (android.view.ViewRootImpl$ViewRootHandler) {4231cd70}   class: class android.widget.ListView  id: -1
WidgetID: NONE
#Class: class android.widget.ListView
#Hash: 1109485344
#SourceActivity: friend.secretary.RegisterProfile
Source Activity friend.secretary.RegisterProfile
#Handler: Handler (android.view.ViewRootImpl$ViewRootHandler) {42223b40}
#Class: class android.widget.EditText
There is a onTouchEvent method   Handler:Handler (android.view.ViewRootImpl$ViewRootHandler) {42223b40}   class: class android.widget.EditText  id: 2131165207
Widget id: friend.secretary:id/txtCompany
#WidgetID: friend.secretary:id/txtCompany
#Hash: 1106177480
#SourceActivity: friend.secretary.RegisterProfile
Source Activity friend.secretary.RegisterProfile
#Handler: Handler (android.view.ViewRootImpl$ViewRootHandler) {42223b40}
#Class: class android.widget.ImageButton
There is a onTouchEvent method   Handler:Handler (android.view.ViewRootImpl$ViewRootHandler) {42223b40}   class: class android.widget.ImageButton  id: 2131165205
Widget id: friend.secretary:id/ibtnGetContact
#WidgetID: friend.secretary:id/ibtnGetContact
#Hash: 1104768280
#SourceActivity: friend.secretary.ContactList
#DialogClass: class android.app.ProgressDialog
#DialogTitle: 取得通讯录
#Hash: BACK
#Event: BACK
#SourceActivity: friend.secretary.ContactList
#Hash: 1109485344
#SourceActivity: friend.secretary.RegisterProfile
Source Activity friend.secretary.RegisterProfile
#Handler: Handler (android.view.ViewRootImpl$ViewRootHandler) {42223b40}
#Class: class android.widget.EditText
There is a onTouchEvent method   Handler:Handler (android.view.ViewRootImpl$ViewRootHandler) {42223b40}   class: class android.widget.EditText  id: 2131165207
Widget id: friend.secretary:id/txtCompany
#WidgetID: friend.secretary:id/txtCompany
#Hash: 1109485344
#SourceActivity: friend.secretary.RegisterProfile
Source Activity friend.secretary.RegisterProfile
#Handler: Handler (android.view.ViewRootImpl$ViewRootHandler) {42223b40}
#Class: class android.widget.EditText
There is a onTouchEvent method   Handler:Handler (android.view.ViewRootImpl$ViewRootHandler) {42223b40}   class: class android.widget.EditText  id: 2131165207
Widget id: friend.secretary:id/txtCompany
#WidgetID: friend.secretary:id/txtCompany
#Hash: MENU
#Event: MENU
#Hash: MENU
#Event: MENU
#Hash: MENU
#Event: MENU
#Hash: BACK
#Event: BACK
#SourceActivity: friend.secretary.RegisterProfile
#Hash: 1109489408
#SourceActivity: friend.secretary.RegisterProfile
Source Activity friend.secretary.RegisterProfile
#Handler: Handler (android.view.ViewRootImpl$ViewRootHandler) {42223b40}
#Class: class android.widget.EditText
There is a onTouchEvent method   Handler:Handler (android.view.ViewRootImpl$ViewRootHandler) {42223b40}   class: class android.widget.EditText  id: 2131165208
Widget id: friend.secretary:id/txtEmail
#WidgetID: friend.secretary:id/txtEmail
#Hash: BACK
#Event: BACK
#SourceActivity: friend.secretary.RegisterProfile
#Hash: 1109509728
#SourceActivity: friend.secretary.RegisterProfile
Source Activity friend.secretary.RegisterProfile
#Handler: Handler (android.view.ViewRootImpl$ViewRootHandler) {42223b40}
#Class: class android.widget.EditText
There is a onTouchEvent method   Handler:Handler (android.view.ViewRootImpl$ViewRootHandler) {42223b40}   class: class android.widget.EditText  id: 2131165213
Widget id: friend.secretary:id/txtAddrO
#WidgetID: friend.secretary:id/txtAddrO
#Hash: BACK
#Event: BACK
#SourceActivity: friend.secretary.RegisterProfile
#Hash: 1109489408
#SourceActivity: friend.secretary.RegisterProfile
Source Activity friend.secretary.RegisterProfile
#Handler: Handler (android.view.ViewRootImpl$ViewRootHandler) {42223b40}
#Class: class android.widget.EditText
There is a onTouchEvent method   Handler:Handler (android.view.ViewRootImpl$ViewRootHandler) {42223b40}   class: class android.widget.EditText  id: 2131165208
Widget id: friend.secretary:id/txtEmail
#WidgetID: friend.secretary:id/txtEmail
#Hash: BACK
#Event: BACK
#SourceActivity: friend.secretary.RegisterProfile
#Hash: 1106177480
#SourceActivity: friend.secretary.RegisterProfile
Source Activity friend.secretary.RegisterProfile
#Handler: Handler (android.view.ViewRootImpl$ViewRootHandler) {42223b40}
#Class: class android.widget.ImageButton
There is a onTouchEvent method   Handler:Handler (android.view.ViewRootImpl$ViewRootHandler) {42223b40}   class: class android.widget.ImageButton  id: 2131165205
Widget id: friend.secretary:id/ibtnGetContact
#WidgetID: friend.secretary:id/ibtnGetContact
#Hash: 1110342760
#SourceActivity: friend.secretary.ContactList
#DialogClass: class android.app.ProgressDialog
#DialogTitle: 取得通讯录
#Hash: BACK
#Event: BACK
#SourceActivity: friend.secretary.ContactList
#Hash: 1109497528
#SourceActivity: friend.secretary.RegisterProfile
Source Activity friend.secretary.RegisterProfile
#Handler: Handler (android.view.ViewRootImpl$ViewRootHandler) {42223b40}
#Class: class android.widget.EditText
There is a onTouchEvent method   Handler:Handler (android.view.ViewRootImpl$ViewRootHandler) {42223b40}   class: class android.widget.EditText  id: 2131165210
Widget id: friend.secretary:id/txtPhoneH
#WidgetID: friend.secretary:id/txtPhoneH
#Hash: BACK
#Event: BACK
#SourceActivity: friend.secretary.RegisterProfile
#Hash: 1109501592
#SourceActivity: friend.secretary.RegisterProfile
Source Activity friend.secretary.RegisterProfile
#Handler: Handler (android.view.ViewRootImpl$ViewRootHandler) {42223b40}
#Class: class android.widget.EditText
There is a onTouchEvent method   Handler:Handler (android.view.ViewRootImpl$ViewRootHandler) {42223b40}   class: class android.widget.EditText  id: 2131165211
Widget id: friend.secretary:id/txtPhoneO
#WidgetID: friend.secretary:id/txtPhoneO
#Hash: BACK
#Event: BACK
#SourceActivity: friend.secretary.RegisterProfile
#Hash: 1109519040
#SourceActivity: friend.secretary.RegisterProfile
Source Activity friend.secretary.RegisterProfile
#Handler: Handler (android.view.ViewRootImpl$ViewRootHandler) {42223b40}
#Class: class android.widget.Button
There is a onTouchEvent method   Handler:Handler (android.view.ViewRootImpl$ViewRootHandler) {42223b40}   class: class android.widget.Button  id: 2131165215
Widget id: friend.secretary:id/btnSave
#WidgetID: friend.secretary:id/btnSave
#ButtonText: 储存
#Hash: 1102725616
#SourceActivity: friend.secretary.main
Source Activity friend.secretary.main
#Handler: Handler (android.view.ViewRootImpl$ViewRootHandler) {42372698}
#Class: class android.widget.Spinner
There is a onTouchEvent method   Handler:Handler (android.view.ViewRootImpl$ViewRootHandler) {42372698}   class: class android.widget.Spinner  id: 2131165198
Widget id: friend.secretary:id/ddlConfig
#WidgetID: friend.secretary:id/ddlConfig
#Hash: 1110771144
#SourceActivity: friend.secretary.main
#DialogClass: class android.app.AlertDialog
#DialogTitle: 選擇一個組態
#Hash: 1110589456
#SourceActivity: friend.secretary.main
Source Activity friend.secretary.main
#Handler: Handler (android.view.ViewRootImpl$ViewRootHandler) {41d82258}
#Class: class com.android.internal.app.AlertController$RecycleListView
There is a onTouchEvent method   Handler:Handler (android.view.ViewRootImpl$ViewRootHandler) {41d82258}   class: class com.android.internal.app.AlertController$RecycleListView  id: 16909099
Widget id: android:id/select_dialog_listview
#WidgetID: android:id/select_dialog_listview
#Hash: 1102725616
#SourceActivity: friend.secretary.main
Source Activity friend.secretary.main
#Handler: Handler (android.view.ViewRootImpl$ViewRootHandler) {42372698}
#Class: class android.widget.Spinner
There is a onTouchEvent method   Handler:Handler (android.view.ViewRootImpl$ViewRootHandler) {42372698}   class: class android.widget.Spinner  id: 2131165198
Widget id: friend.secretary:id/ddlConfig
#WidgetID: friend.secretary:id/ddlConfig
#Hash: 1109550080
#SourceActivity: friend.secretary.main
#DialogClass: class android.app.AlertDialog
#DialogTitle: 選擇一個組態
#Hash: MENU
#Event: MENU
#Hash: BACK
#Event: BACK
#SourceActivity: friend.secretary.main
#Hash: MENU
#Event: MENU
#Hash: 1106114392
#SourceActivity: friend.secretary.main
Source Activity friend.secretary.main
#Handler: Handler (android.view.ViewRootImpl$ViewRootHandler) {423702c0}
#Class: class com.android.internal.view.menu.IconMenuItemView
There is a onTouchEvent method   Handler:Handler (android.view.ViewRootImpl$ViewRootHandler) {423702c0}   class: class com.android.internal.view.menu.IconMenuItemView  id: 16908310
Widget id: android:id/title
#WidgetID: android:id/title
MenuItemID: NONE
#MenuItemID: NONE
#MenuItemTitle: 分享连络人资讯
#Hash: 1110363240
#SourceActivity: friend.secretary.ShareFriends
#DialogClass: class android.app.ProgressDialog
#DialogTitle: 取得通讯录
#Hash: 1103073592
#SourceActivity: friend.secretary.ShareFriends
Source Activity friend.secretary.ShareFriends
#Handler: Handler (android.view.ViewRootImpl$ViewRootHandler) {423a22e0}
#Class: class android.widget.ListView
There is a onTouchEvent method   Handler:Handler (android.view.ViewRootImpl$ViewRootHandler) {423a22e0}   class: class android.widget.ListView  id: -1
WidgetID: NONE
#Class: class android.widget.ListView
#Hash: 1102925256
#SourceActivity: friend.secretary.ShareFriends
#DialogClass: class android.app.Dialog
This Dialog No Title
#Hash: MENU
#Event: MENU
#Hash: BACK
#Event: BACK
#SourceActivity: friend.secretary.ShareFriends
#Hash: 1104506960
#SourceActivity: friend.secretary.ShareFriends
Source Activity friend.secretary.ShareFriends
#Handler: Handler (android.view.ViewRootImpl$ViewRootHandler) {423a22e0}
#Class: class android.widget.AutoCompleteTextView
There is a onTouchEvent method   Handler:Handler (android.view.ViewRootImpl$ViewRootHandler) {423a22e0}   class: class android.widget.AutoCompleteTextView  id: 2131165195
Widget id: friend.secretary:id/txtContactList
#WidgetID: friend.secretary:id/txtContactList
#Hash: MENU
#Event: MENU
#Hash: 1103073592
#SourceActivity: friend.secretary.ShareFriends
Source Activity friend.secretary.ShareFriends
#Handler: Handler (android.view.ViewRootImpl$ViewRootHandler) {423a22e0}
#Class: class android.widget.ListView
There is a onTouchEvent method   Handler:Handler (android.view.ViewRootImpl$ViewRootHandler) {423a22e0}   class: class android.widget.ListView  id: -1
WidgetID: NONE
#Class: class android.widget.ListView
#Hash: 1102725184
#SourceActivity: friend.secretary.ShareFriends
#DialogClass: class android.app.Dialog
This Dialog No Title
#Hash: BACK
#Event: BACK
#SourceActivity: friend.secretary.ShareFriends
#Hash: 1103073592
#SourceActivity: friend.secretary.ShareFriends
Source Activity friend.secretary.ShareFriends
#Handler: Handler (android.view.ViewRootImpl$ViewRootHandler) {423a22e0}
#Class: class android.widget.ListView
There is a onTouchEvent method   Handler:Handler (android.view.ViewRootImpl$ViewRootHandler) {423a22e0}   class: class android.widget.ListView  id: -1
WidgetID: NONE
#Class: class android.widget.ListView
#Hash: 1104108552
#SourceActivity: friend.secretary.ShareFriends
#DialogClass: class android.app.Dialog
This Dialog No Title
#Hash: BACK
#Event: BACK
#SourceActivity: friend.secretary.ShareFriends
#Hash: 1103073592
#SourceActivity: friend.secretary.ShareFriends
Source Activity friend.secretary.ShareFriends
#Handler: Handler (android.view.ViewRootImpl$ViewRootHandler) {423a22e0}
#Class: class android.widget.ListView
There is a onTouchEvent method   Handler:Handler (android.view.ViewRootImpl$ViewRootHandler) {423a22e0}   class: class android.widget.ListView  id: -1
WidgetID: NONE
#Class: class android.widget.ListView
#Hash: 1104786616
#SourceActivity: friend.secretary.ShareFriends
#DialogClass: class android.app.Dialog
This Dialog No Title
#Hash: BACK
#Event: BACK
#SourceActivity: friend.secretary.ShareFriends
#Hash: 1103073592
#SourceActivity: friend.secretary.ShareFriends
Source Activity friend.secretary.ShareFriends
#Handler: Handler (android.view.ViewRootImpl$ViewRootHandler) {423a22e0}
#Class: class android.widget.ListView
There is a onTouchEvent method   Handler:Handler (android.view.ViewRootImpl$ViewRootHandler) {423a22e0}   class: class android.widget.ListView  id: -1
WidgetID: NONE
#Class: class android.widget.ListView
#Hash: 1103846336
#SourceActivity: friend.secretary.ShareFriends
#DialogClass: class android.app.Dialog
This Dialog No Title
#Hash: BACK
#Event: BACK
#SourceActivity: friend.secretary.ShareFriends
#Hash: 1103073592
#SourceActivity: friend.secretary.ShareFriends
Source Activity friend.secretary.ShareFriends
#Handler: Handler (android.view.ViewRootImpl$ViewRootHandler) {423a22e0}
#Class: class android.widget.ListView
There is a onTouchEvent method   Handler:Handler (android.view.ViewRootImpl$ViewRootHandler) {423a22e0}   class: class android.widget.ListView  id: -1
WidgetID: NONE
#Class: class android.widget.ListView
#Hash: 1104061224
#SourceActivity: friend.secretary.ShareFriends
#DialogClass: class android.app.Dialog
This Dialog No Title
#Hash: BACK
#Event: BACK
#SourceActivity: friend.secretary.ShareFriends
#Hash: 1103073592
#SourceActivity: friend.secretary.ShareFriends
Source Activity friend.secretary.ShareFriends
#Handler: Handler (android.view.ViewRootImpl$ViewRootHandler) {423a22e0}
#Class: class android.widget.ListView
There is a onTouchEvent method   Handler:Handler (android.view.ViewRootImpl$ViewRootHandler) {423a22e0}   class: class android.widget.ListView  id: -1
WidgetID: NONE
#Class: class android.widget.ListView
#Hash: 1104540256
#SourceActivity: friend.secretary.ShareFriends
#DialogClass: class android.app.Dialog
This Dialog No Title
#Hash: BACK
#Event: BACK
#SourceActivity: friend.secretary.ShareFriends
#Hash: 1103073592
#SourceActivity: friend.secretary.ShareFriends
Source Activity friend.secretary.ShareFriends
#Handler: Handler (android.view.ViewRootImpl$ViewRootHandler) {423a22e0}
#Class: class android.widget.ListView
There is a onTouchEvent method   Handler:Handler (android.view.ViewRootImpl$ViewRootHandler) {423a22e0}   class: class android.widget.ListView  id: -1
WidgetID: NONE
#Class: class android.widget.ListView
#Hash: 1103846336
#SourceActivity: friend.secretary.ShareFriends
#DialogClass: class android.app.Dialog
This Dialog No Title
#Hash: BACK
#Event: BACK
#SourceActivity: friend.secretary.ShareFriends
#Hash: BACK
#Event: BACK
#SourceActivity: friend.secretary.ShareFriends
#Hash: MENU
#Event: MENU
#Hash: 1104236680
#SourceActivity: friend.secretary.main
Source Activity friend.secretary.main
#Handler: Handler (android.view.ViewRootImpl$ViewRootHandler) {41cdc208}
#Class: class com.android.internal.view.menu.IconMenuItemView
There is a onTouchEvent method   Handler:Handler (android.view.ViewRootImpl$ViewRootHandler) {41cdc208}   class: class com.android.internal.view.menu.IconMenuItemView  id: 16908310
Widget id: android:id/title
#WidgetID: android:id/title
MenuItemID: NONE
#MenuItemID: NONE
#MenuItemTitle: 设置
#Hash: BACK
#Event: BACK
#SourceActivity: org.cyanogenmod.trebuchet.CustomHomeLauncher
Hook Loaded App:friend.secretary
#Hash: MENU
#Event: MENU
#Hash: 1108461600
#SourceActivity: friend.secretary.main
Source Activity friend.secretary.main
#Handler: Handler (android.view.ViewRootImpl$ViewRootHandler) {42134f48}
#Class: class com.android.internal.view.menu.IconMenuItemView
There is a onTouchEvent method   Handler:Handler (android.view.ViewRootImpl$ViewRootHandler) {42134f48}   class: class com.android.internal.view.menu.IconMenuItemView  id: 16908310
Widget id: android:id/title
#WidgetID: android:id/title
MenuItemID: NONE
#MenuItemID: NONE
#MenuItemTitle: 取得连络人资讯
#Hash: MENU
#Event: MENU
#Hash: BACK
#Event: BACK
#SourceActivity: friend.secretary.ReceiveContact
#Hash: MENU
#Event: MENU
#Hash: MENU
#Event: MENU
#Hash: MENU
#Event: MENU
#Hash: BACK
#Event: BACK
#SourceActivity: friend.secretary.main
#Hash: BACK
#Event: BACK
#SourceActivity: friend.secretary.main
#Hash: BACK
#Event: BACK
#SourceActivity: org.cyanogenmod.trebuchet.CustomHomeLauncher
Hook Loaded App:friend.secretary
