Hook Loaded App:eu.faircode.finegeotag
#Hash: 1105980304
#SourceActivity: eu.faircode.finegeotag.ActivitySettings
Source Activity eu.faircode.finegeotag.ActivitySettings
#Handler: Handler (android.view.ViewRootImpl$ViewRootHandler) {41f22340}
#Class: class android.widget.ListView
There is a onTouchEvent method   Handler:Handler (android.view.ViewRootImpl$ViewRootHandler) {41f22340}   class: class android.widget.ListView  id: 16908298
Widget id: android:id/list
#WidgetID: android:id/list
#Hash: 1105980304
#SourceActivity: eu.faircode.finegeotag.ActivitySettings
Source Activity eu.faircode.finegeotag.ActivitySettings
#Handler: Handler (android.view.ViewRootImpl$ViewRootHandler) {41f22340}
#Class: class android.widget.ListView
There is a onTouchEvent method   Handler:Handler (android.view.ViewRootImpl$ViewRootHandler) {41f22340}   class: class android.widget.ListView  id: 16908298
Widget id: android:id/list
#WidgetID: android:id/list
#Hash: 1105980304
#SourceActivity: eu.faircode.finegeotag.ActivitySettings
Source Activity eu.faircode.finegeotag.ActivitySettings
#Handler: Handler (android.view.ViewRootImpl$ViewRootHandler) {41f22340}
#Class: class android.widget.ListView
There is a onTouchEvent method   Handler:Handler (android.view.ViewRootImpl$ViewRootHandler) {41f22340}   class: class android.widget.ListView  id: 16908298
Widget id: android:id/list
#WidgetID: android:id/list
#Hash: 1105980304
#SourceActivity: eu.faircode.finegeotag.ActivitySettings
Source Activity eu.faircode.finegeotag.ActivitySettings
#Handler: Handler (android.view.ViewRootImpl$ViewRootHandler) {41f22340}
#Class: class android.widget.ListView
There is a onTouchEvent method   Handler:Handler (android.view.ViewRootImpl$ViewRootHandler) {41f22340}   class: class android.widget.ListView  id: 16908298
Widget id: android:id/list
#WidgetID: android:id/list
#Hash: 1105980304
#SourceActivity: eu.faircode.finegeotag.ActivitySettings
Source Activity eu.faircode.finegeotag.ActivitySettings
#Handler: Handler (android.view.ViewRootImpl$ViewRootHandler) {41f22340}
#Class: class android.widget.ListView
There is a onTouchEvent method   Handler:Handler (android.view.ViewRootImpl$ViewRootHandler) {41f22340}   class: class android.widget.ListView  id: 16908298
Widget id: android:id/list
#WidgetID: android:id/list
#Hash: 1105980304
#SourceActivity: eu.faircode.finegeotag.ActivitySettings
Source Activity eu.faircode.finegeotag.ActivitySettings
#Handler: Handler (android.view.ViewRootImpl$ViewRootHandler) {41f22340}
#Class: class android.widget.ListView
There is a onTouchEvent method   Handler:Handler (android.view.ViewRootImpl$ViewRootHandler) {41f22340}   class: class android.widget.ListView  id: 16908298
Widget id: android:id/list
#WidgetID: android:id/list
#Hash: 1105980304
#SourceActivity: eu.faircode.finegeotag.ActivitySettings
Source Activity eu.faircode.finegeotag.ActivitySettings
#Handler: Handler (android.view.ViewRootImpl$ViewRootHandler) {41f22340}
#Class: class android.widget.ListView
There is a onTouchEvent method   Handler:Handler (android.view.ViewRootImpl$ViewRootHandler) {41f22340}   class: class android.widget.ListView  id: 16908298
Widget id: android:id/list
#WidgetID: android:id/list
#Hash: 1107533480
#SourceActivity: eu.faircode.finegeotag.ActivitySettings
#DialogClass: class android.app.AlertDialog
#DialogTitle: 
#Hash: 1105980304
#SourceActivity: eu.faircode.finegeotag.ActivitySettings
Source Activity eu.faircode.finegeotag.ActivitySettings
#Handler: Handler (android.view.ViewRootImpl$ViewRootHandler) {41f22340}
#Class: class android.widget.ListView
There is a onTouchEvent method   Handler:Handler (android.view.ViewRootImpl$ViewRootHandler) {41f22340}   class: class android.widget.ListView  id: 16908298
Widget id: android:id/list
#WidgetID: android:id/list
#Hash: 1107853616
#SourceActivity: eu.faircode.finegeotag.ActivitySettings
#DialogClass: class android.app.AlertDialog
#DialogTitle: 
#Hash: 1105980304
#SourceActivity: eu.faircode.finegeotag.ActivitySettings
Source Activity eu.faircode.finegeotag.ActivitySettings
#Handler: Handler (android.view.ViewRootImpl$ViewRootHandler) {41f22340}
#Class: class android.widget.ListView
There is a onTouchEvent method   Handler:Handler (android.view.ViewRootImpl$ViewRootHandler) {41f22340}   class: class android.widget.ListView  id: 16908298
Widget id: android:id/list
#WidgetID: android:id/list
#Hash: 1107991040
#SourceActivity: eu.faircode.finegeotag.ActivitySettings
#DialogClass: class android.app.AlertDialog
#DialogTitle: 
#Hash: 1105980304
#SourceActivity: eu.faircode.finegeotag.ActivitySettings
Source Activity eu.faircode.finegeotag.ActivitySettings
#Handler: Handler (android.view.ViewRootImpl$ViewRootHandler) {41f22340}
#Class: class android.widget.ListView
There is a onTouchEvent method   Handler:Handler (android.view.ViewRootImpl$ViewRootHandler) {41f22340}   class: class android.widget.ListView  id: 16908298
Widget id: android:id/list
#WidgetID: android:id/list
#Hash: 1105980304
#SourceActivity: eu.faircode.finegeotag.ActivitySettings
Source Activity eu.faircode.finegeotag.ActivitySettings
#Handler: Handler (android.view.ViewRootImpl$ViewRootHandler) {41f22340}
#Class: class android.widget.ListView
There is a onTouchEvent method   Handler:Handler (android.view.ViewRootImpl$ViewRootHandler) {41f22340}   class: class android.widget.ListView  id: 16908298
Widget id: android:id/list
#WidgetID: android:id/list
#Hash: 1108168832
#SourceActivity: eu.faircode.finegeotag.ActivitySettings
#DialogClass: class android.app.AlertDialog
#DialogTitle: 
#Hash: 1108170992
#SourceActivity: eu.faircode.finegeotag.ActivitySettings
Source Activity eu.faircode.finegeotag.ActivitySettings
#Handler: Handler (android.view.ViewRootImpl$ViewRootHandler) {420df268}
#Class: class com.android.internal.app.AlertController$RecycleListView
There is a onTouchEvent method   Handler:Handler (android.view.ViewRootImpl$ViewRootHandler) {420df268}   class: class com.android.internal.app.AlertController$RecycleListView  id: 16909099
Widget id: android:id/select_dialog_listview
#WidgetID: android:id/select_dialog_listview
#Hash: 1105980304
#SourceActivity: eu.faircode.finegeotag.ActivitySettings
Source Activity eu.faircode.finegeotag.ActivitySettings
#Handler: Handler (android.view.ViewRootImpl$ViewRootHandler) {41f22340}
#Class: class android.widget.ListView
There is a onTouchEvent method   Handler:Handler (android.view.ViewRootImpl$ViewRootHandler) {41f22340}   class: class android.widget.ListView  id: 16908298
Widget id: android:id/list
#WidgetID: android:id/list
#Hash: BACK
#Event: BACK
#SourceActivity: com.android.settings.Settings$LocationSettingsActivity
#Hash: 1105980304
#SourceActivity: eu.faircode.finegeotag.ActivitySettings
Source Activity eu.faircode.finegeotag.ActivitySettings
#Handler: Handler (android.view.ViewRootImpl$ViewRootHandler) {41f22340}
#Class: class android.widget.ListView
There is a onTouchEvent method   Handler:Handler (android.view.ViewRootImpl$ViewRootHandler) {41f22340}   class: class android.widget.ListView  id: 16908298
Widget id: android:id/list
#WidgetID: android:id/list
#Hash: 1105980304
#SourceActivity: eu.faircode.finegeotag.ActivitySettings
Source Activity eu.faircode.finegeotag.ActivitySettings
#Handler: Handler (android.view.ViewRootImpl$ViewRootHandler) {41f22340}
#Class: class android.widget.ListView
There is a onTouchEvent method   Handler:Handler (android.view.ViewRootImpl$ViewRootHandler) {41f22340}   class: class android.widget.ListView  id: 16908298
Widget id: android:id/list
#WidgetID: android:id/list
#Hash: BACK
#Event: BACK
#SourceActivity: com.android.settings.Settings$LocationSettingsActivity
#Hash: 1105980304
#SourceActivity: eu.faircode.finegeotag.ActivitySettings
Source Activity eu.faircode.finegeotag.ActivitySettings
#Handler: Handler (android.view.ViewRootImpl$ViewRootHandler) {41f22340}
#Class: class android.widget.ListView
There is a onTouchEvent method   Handler:Handler (android.view.ViewRootImpl$ViewRootHandler) {41f22340}   class: class android.widget.ListView  id: 16908298
Widget id: android:id/list
#WidgetID: android:id/list
#Hash: BACK
#Event: BACK
#SourceActivity: com.google.android.finsky.activities.MainActivity
#Hash: 1105980304
#SourceActivity: eu.faircode.finegeotag.ActivitySettings
Source Activity eu.faircode.finegeotag.ActivitySettings
#Handler: Handler (android.view.ViewRootImpl$ViewRootHandler) {41f22340}
#Class: class android.widget.ListView
There is a onTouchEvent method   Handler:Handler (android.view.ViewRootImpl$ViewRootHandler) {41f22340}   class: class android.widget.ListView  id: 16908298
Widget id: android:id/list
#WidgetID: android:id/list
#Hash: 1105980304
#SourceActivity: eu.faircode.finegeotag.ActivitySettings
Source Activity eu.faircode.finegeotag.ActivitySettings
#Handler: Handler (android.view.ViewRootImpl$ViewRootHandler) {41f22340}
#Class: class android.widget.ListView
There is a onTouchEvent method   Handler:Handler (android.view.ViewRootImpl$ViewRootHandler) {41f22340}   class: class android.widget.ListView  id: 16908298
Widget id: android:id/list
#WidgetID: android:id/list
#Hash: BACK
#Event: BACK
#SourceActivity: com.android.browser.BrowserActivity
#Hash: 1105980304
#SourceActivity: eu.faircode.finegeotag.ActivitySettings
Source Activity eu.faircode.finegeotag.ActivitySettings
#Handler: Handler (android.view.ViewRootImpl$ViewRootHandler) {41f22340}
#Class: class android.widget.ListView
There is a onTouchEvent method   Handler:Handler (android.view.ViewRootImpl$ViewRootHandler) {41f22340}   class: class android.widget.ListView  id: 16908298
Widget id: android:id/list
#WidgetID: android:id/list
#Hash: BACK
#Event: BACK
#SourceActivity: com.android.browser.BrowserActivity
#Hash: 1105980304
#SourceActivity: eu.faircode.finegeotag.ActivitySettings
Source Activity eu.faircode.finegeotag.ActivitySettings
#Handler: Handler (android.view.ViewRootImpl$ViewRootHandler) {41f22340}
#Class: class android.widget.ListView
There is a onTouchEvent method   Handler:Handler (android.view.ViewRootImpl$ViewRootHandler) {41f22340}   class: class android.widget.ListView  id: 16908298
Widget id: android:id/list
#WidgetID: android:id/list
#Hash: BACK
#Event: BACK
#SourceActivity: com.android.browser.BrowserActivity
#Hash: 1105980304
#SourceActivity: eu.faircode.finegeotag.ActivitySettings
Source Activity eu.faircode.finegeotag.ActivitySettings
#Handler: Handler (android.view.ViewRootImpl$ViewRootHandler) {41f22340}
#Class: class android.widget.ListView
There is a onTouchEvent method   Handler:Handler (android.view.ViewRootImpl$ViewRootHandler) {41f22340}   class: class android.widget.ListView  id: 16908298
Widget id: android:id/list
#WidgetID: android:id/list
#Hash: 1105980304
#SourceActivity: eu.faircode.finegeotag.ActivitySettings
Source Activity eu.faircode.finegeotag.ActivitySettings
#Handler: Handler (android.view.ViewRootImpl$ViewRootHandler) {41f22340}
#Class: class android.widget.ListView
There is a onTouchEvent method   Handler:Handler (android.view.ViewRootImpl$ViewRootHandler) {41f22340}   class: class android.widget.ListView  id: 16908298
Widget id: android:id/list
#WidgetID: android:id/list
#Hash: 1105980304
#SourceActivity: eu.faircode.finegeotag.ActivitySettings
Source Activity eu.faircode.finegeotag.ActivitySettings
#Handler: Handler (android.view.ViewRootImpl$ViewRootHandler) {41f22340}
#Class: class android.widget.ListView
There is a onTouchEvent method   Handler:Handler (android.view.ViewRootImpl$ViewRootHandler) {41f22340}   class: class android.widget.ListView  id: 16908298
Widget id: android:id/list
#WidgetID: android:id/list
#Hash: BACK
#Event: BACK
#SourceActivity: eu.faircode.finegeotag.ActivitySettings
#Hash: 1109112928
#SourceActivity: eu.faircode.finegeotag.ActivitySettings
Source Activity eu.faircode.finegeotag.ActivitySettings
#Handler: Handler (android.view.ViewRootImpl$ViewRootHandler) {421c69c0}
#Class: class android.widget.ListView
There is a onTouchEvent method   Handler:Handler (android.view.ViewRootImpl$ViewRootHandler) {421c69c0}   class: class android.widget.ListView  id: 16908298
Widget id: android:id/list
#WidgetID: android:id/list
#Hash: 1109112928
#SourceActivity: eu.faircode.finegeotag.ActivitySettings
Source Activity eu.faircode.finegeotag.ActivitySettings
#Handler: Handler (android.view.ViewRootImpl$ViewRootHandler) {421c69c0}
#Class: class android.widget.ListView
There is a onTouchEvent method   Handler:Handler (android.view.ViewRootImpl$ViewRootHandler) {421c69c0}   class: class android.widget.ListView  id: 16908298
Widget id: android:id/list
#WidgetID: android:id/list
#Hash: BACK
#Event: BACK
#SourceActivity: eu.faircode.finegeotag.ActivitySettings
#Hash: 1109530536
#SourceActivity: eu.faircode.finegeotag.ActivitySettings
Source Activity eu.faircode.finegeotag.ActivitySettings
#Handler: Handler (android.view.ViewRootImpl$ViewRootHandler) {4222c908}
#Class: class android.widget.ListView
There is a onTouchEvent method   Handler:Handler (android.view.ViewRootImpl$ViewRootHandler) {4222c908}   class: class android.widget.ListView  id: 16908298
Widget id: android:id/list
#WidgetID: android:id/list
#Hash: 1109530536
#SourceActivity: eu.faircode.finegeotag.ActivitySettings
Source Activity eu.faircode.finegeotag.ActivitySettings
#Handler: Handler (android.view.ViewRootImpl$ViewRootHandler) {4222c908}
#Class: class android.widget.ListView
There is a onTouchEvent method   Handler:Handler (android.view.ViewRootImpl$ViewRootHandler) {4222c908}   class: class android.widget.ListView  id: 16908298
Widget id: android:id/list
#WidgetID: android:id/list
#Hash: 1109530536
#SourceActivity: eu.faircode.finegeotag.ActivitySettings
Source Activity eu.faircode.finegeotag.ActivitySettings
#Handler: Handler (android.view.ViewRootImpl$ViewRootHandler) {4222c908}
#Class: class android.widget.ListView
There is a onTouchEvent method   Handler:Handler (android.view.ViewRootImpl$ViewRootHandler) {4222c908}   class: class android.widget.ListView  id: 16908298
Widget id: android:id/list
#WidgetID: android:id/list
