Hook Loaded App:za.co.lukestonehm.logicaldefence
#Hash: 1106027888
#SourceActivity: za.co.lukestonehm.logicaldefence.MainActivity
Source Activity za.co.lukestonehm.logicaldefence.MainActivity
#Handler: Handler (android.view.ViewRootImpl$ViewRootHandler) {41ebf710}
#Class: class android.widget.RelativeLayout
There is a onTouchEvent method   Handler:Handler (android.view.ViewRootImpl$ViewRootHandler) {41ebf710}   class: class android.widget.RelativeLayout  id: -1
WidgetID: NONE
#Class: class android.widget.RelativeLayout
#Hash: 1106027888
#SourceActivity: za.co.lukestonehm.logicaldefence.MainActivity
Source Activity za.co.lukestonehm.logicaldefence.MainActivity
#Handler: Handler (android.view.ViewRootImpl$ViewRootHandler) {41ebf710}
#Class: class android.widget.RelativeLayout
There is a onTouchEvent method   Handler:Handler (android.view.ViewRootImpl$ViewRootHandler) {41ebf710}   class: class android.widget.RelativeLayout  id: -1
WidgetID: NONE
#Class: class android.widget.RelativeLayout
#Hash: 1106051800
#SourceActivity: za.co.lukestonehm.logicaldefence.MainActivity
Source Activity za.co.lukestonehm.logicaldefence.MainActivity
#Handler: Handler (android.view.ViewRootImpl$ViewRootHandler) {41ebf710}
#Class: class android.widget.RelativeLayout
There is a onTouchEvent method   Handler:Handler (android.view.ViewRootImpl$ViewRootHandler) {41ebf710}   class: class android.widget.RelativeLayout  id: -1
WidgetID: NONE
#Class: class android.widget.RelativeLayout
#Hash: 1106051800
#SourceActivity: za.co.lukestonehm.logicaldefence.MainActivity
Source Activity za.co.lukestonehm.logicaldefence.MainActivity
#Handler: Handler (android.view.ViewRootImpl$ViewRootHandler) {41ebf710}
#Class: class android.widget.RelativeLayout
There is a onTouchEvent method   Handler:Handler (android.view.ViewRootImpl$ViewRootHandler) {41ebf710}   class: class android.widget.RelativeLayout  id: -1
WidgetID: NONE
#Class: class android.widget.RelativeLayout
#Hash: 1106051800
#SourceActivity: za.co.lukestonehm.logicaldefence.MainActivity
Source Activity za.co.lukestonehm.logicaldefence.MainActivity
#Handler: Handler (android.view.ViewRootImpl$ViewRootHandler) {41ebf710}
#Class: class android.widget.RelativeLayout
There is a onTouchEvent method   Handler:Handler (android.view.ViewRootImpl$ViewRootHandler) {41ebf710}   class: class android.widget.RelativeLayout  id: -1
WidgetID: NONE
#Class: class android.widget.RelativeLayout
#Hash: 1106067456
#SourceActivity: za.co.lukestonehm.logicaldefence.MainActivity
Source Activity za.co.lukestonehm.logicaldefence.MainActivity
#Handler: Handler (android.view.ViewRootImpl$ViewRootHandler) {41ebf710}
#Class: class android.widget.RelativeLayout
There is a onTouchEvent method   Handler:Handler (android.view.ViewRootImpl$ViewRootHandler) {41ebf710}   class: class android.widget.RelativeLayout  id: -1
WidgetID: NONE
#Class: class android.widget.RelativeLayout
#Hash: 1106067456
#SourceActivity: za.co.lukestonehm.logicaldefence.MainActivity
Source Activity za.co.lukestonehm.logicaldefence.MainActivity
#Handler: Handler (android.view.ViewRootImpl$ViewRootHandler) {41ebf710}
#Class: class android.widget.RelativeLayout
There is a onTouchEvent method   Handler:Handler (android.view.ViewRootImpl$ViewRootHandler) {41ebf710}   class: class android.widget.RelativeLayout  id: -1
WidgetID: NONE
#Class: class android.widget.RelativeLayout
#Hash: 1106083112
#SourceActivity: za.co.lukestonehm.logicaldefence.MainActivity
Source Activity za.co.lukestonehm.logicaldefence.MainActivity
#Handler: Handler (android.view.ViewRootImpl$ViewRootHandler) {41ebf710}
#Class: class android.widget.RelativeLayout
There is a onTouchEvent method   Handler:Handler (android.view.ViewRootImpl$ViewRootHandler) {41ebf710}   class: class android.widget.RelativeLayout  id: -1
WidgetID: NONE
#Class: class android.widget.RelativeLayout
#Hash: 1106083112
#SourceActivity: za.co.lukestonehm.logicaldefence.MainActivity
Source Activity za.co.lukestonehm.logicaldefence.MainActivity
#Handler: Handler (android.view.ViewRootImpl$ViewRootHandler) {41ebf710}
#Class: class android.widget.RelativeLayout
There is a onTouchEvent method   Handler:Handler (android.view.ViewRootImpl$ViewRootHandler) {41ebf710}   class: class android.widget.RelativeLayout  id: -1
WidgetID: NONE
#Class: class android.widget.RelativeLayout
#Hash: 1106333472
#SourceActivity: za.co.lukestonehm.logicaldefence.MainActivity
Source Activity za.co.lukestonehm.logicaldefence.MainActivity
#Handler: Handler (android.view.ViewRootImpl$ViewRootHandler) {41ebf710}
#Class: class android.widget.RelativeLayout
There is a onTouchEvent method   Handler:Handler (android.view.ViewRootImpl$ViewRootHandler) {41ebf710}   class: class android.widget.RelativeLayout  id: -1
WidgetID: NONE
#Class: class android.widget.RelativeLayout
#Hash: 1106333472
#SourceActivity: za.co.lukestonehm.logicaldefence.MainActivity
Source Activity za.co.lukestonehm.logicaldefence.MainActivity
#Handler: Handler (android.view.ViewRootImpl$ViewRootHandler) {41ebf710}
#Class: class android.widget.RelativeLayout
There is a onTouchEvent method   Handler:Handler (android.view.ViewRootImpl$ViewRootHandler) {41ebf710}   class: class android.widget.RelativeLayout  id: -1
WidgetID: NONE
#Class: class android.widget.RelativeLayout
#Hash: 1106385424
#SourceActivity: za.co.lukestonehm.logicaldefence.MainActivity
Source Activity za.co.lukestonehm.logicaldefence.MainActivity
#Handler: Handler (android.view.ViewRootImpl$ViewRootHandler) {41ebf710}
#Class: class android.widget.RelativeLayout
There is a onTouchEvent method   Handler:Handler (android.view.ViewRootImpl$ViewRootHandler) {41ebf710}   class: class android.widget.RelativeLayout  id: -1
WidgetID: NONE
#Class: class android.widget.RelativeLayout
#Hash: 1106385424
#SourceActivity: za.co.lukestonehm.logicaldefence.MainActivity
Source Activity za.co.lukestonehm.logicaldefence.MainActivity
#Handler: Handler (android.view.ViewRootImpl$ViewRootHandler) {41ebf710}
#Class: class android.widget.RelativeLayout
There is a onTouchEvent method   Handler:Handler (android.view.ViewRootImpl$ViewRootHandler) {41ebf710}   class: class android.widget.RelativeLayout  id: -1
WidgetID: NONE
#Class: class android.widget.RelativeLayout
#Hash: 1106405696
#SourceActivity: za.co.lukestonehm.logicaldefence.MainActivity
Source Activity za.co.lukestonehm.logicaldefence.MainActivity
#Handler: Handler (android.view.ViewRootImpl$ViewRootHandler) {41ebf710}
#Class: class android.widget.RelativeLayout
There is a onTouchEvent method   Handler:Handler (android.view.ViewRootImpl$ViewRootHandler) {41ebf710}   class: class android.widget.RelativeLayout  id: -1
WidgetID: NONE
#Class: class android.widget.RelativeLayout
#Hash: 1106405696
#SourceActivity: za.co.lukestonehm.logicaldefence.MainActivity
Source Activity za.co.lukestonehm.logicaldefence.MainActivity
#Handler: Handler (android.view.ViewRootImpl$ViewRootHandler) {41ebf710}
#Class: class android.widget.RelativeLayout
There is a onTouchEvent method   Handler:Handler (android.view.ViewRootImpl$ViewRootHandler) {41ebf710}   class: class android.widget.RelativeLayout  id: -1
WidgetID: NONE
#Class: class android.widget.RelativeLayout
#Hash: 1106067456
#SourceActivity: za.co.lukestonehm.logicaldefence.MainActivity
Source Activity za.co.lukestonehm.logicaldefence.MainActivity
#Handler: Handler (android.view.ViewRootImpl$ViewRootHandler) {41ebf710}
#Class: class android.widget.RelativeLayout
There is a onTouchEvent method   Handler:Handler (android.view.ViewRootImpl$ViewRootHandler) {41ebf710}   class: class android.widget.RelativeLayout  id: -1
WidgetID: NONE
#Class: class android.widget.RelativeLayout
#Hash: 1106067456
#SourceActivity: za.co.lukestonehm.logicaldefence.MainActivity
Source Activity za.co.lukestonehm.logicaldefence.MainActivity
#Handler: Handler (android.view.ViewRootImpl$ViewRootHandler) {41ebf710}
#Class: class android.widget.RelativeLayout
There is a onTouchEvent method   Handler:Handler (android.view.ViewRootImpl$ViewRootHandler) {41ebf710}   class: class android.widget.RelativeLayout  id: -1
WidgetID: NONE
#Class: class android.widget.RelativeLayout
#Hash: 1106027888
#SourceActivity: za.co.lukestonehm.logicaldefence.MainActivity
Source Activity za.co.lukestonehm.logicaldefence.MainActivity
#Handler: Handler (android.view.ViewRootImpl$ViewRootHandler) {41ebf710}
#Class: class android.widget.RelativeLayout
There is a onTouchEvent method   Handler:Handler (android.view.ViewRootImpl$ViewRootHandler) {41ebf710}   class: class android.widget.RelativeLayout  id: -1
WidgetID: NONE
#Class: class android.widget.RelativeLayout
#Hash: 1106027888
#SourceActivity: za.co.lukestonehm.logicaldefence.MainActivity
Source Activity za.co.lukestonehm.logicaldefence.MainActivity
#Handler: Handler (android.view.ViewRootImpl$ViewRootHandler) {41ebf710}
#Class: class android.widget.RelativeLayout
There is a onTouchEvent method   Handler:Handler (android.view.ViewRootImpl$ViewRootHandler) {41ebf710}   class: class android.widget.RelativeLayout  id: -1
WidgetID: NONE
#Class: class android.widget.RelativeLayout
#Hash: 1106333472
#SourceActivity: za.co.lukestonehm.logicaldefence.MainActivity
Source Activity za.co.lukestonehm.logicaldefence.MainActivity
#Handler: Handler (android.view.ViewRootImpl$ViewRootHandler) {41ebf710}
#Class: class android.widget.RelativeLayout
There is a onTouchEvent method   Handler:Handler (android.view.ViewRootImpl$ViewRootHandler) {41ebf710}   class: class android.widget.RelativeLayout  id: -1
WidgetID: NONE
#Class: class android.widget.RelativeLayout
#Hash: BACK
#Event: BACK
#SourceActivity: za.co.lukestonehm.logicaldefence.MainActivity
#Hash: 1106808752
#SourceActivity: za.co.lukestonehm.logicaldefence.MainActivity
Source Activity za.co.lukestonehm.logicaldefence.MainActivity
#Handler: Handler (android.view.ViewRootImpl$ViewRootHandler) {41f8eb48}
#Class: class android.widget.ImageButton
There is a onTouchEvent method   Handler:Handler (android.view.ViewRootImpl$ViewRootHandler) {41f8eb48}   class: class android.widget.ImageButton  id: -1
WidgetID: NONE
#Class: class android.widget.ImageButton
#Hash: 1106854840
#SourceActivity: za.co.lukestonehm.logicaldefence.MainActivity
Source Activity za.co.lukestonehm.logicaldefence.MainActivity
#Handler: Handler (android.view.ViewRootImpl$ViewRootHandler) {41f8eb48}
#Class: class android.widget.RelativeLayout
There is a onTouchEvent method   Handler:Handler (android.view.ViewRootImpl$ViewRootHandler) {41f8eb48}   class: class android.widget.RelativeLayout  id: -1
WidgetID: NONE
#Class: class android.widget.RelativeLayout
#Hash: 1106800272
#SourceActivity: za.co.lukestonehm.logicaldefence.MainActivity
Source Activity za.co.lukestonehm.logicaldefence.MainActivity
#Handler: Handler (android.view.ViewRootImpl$ViewRootHandler) {41f8eb48}
#Class: class android.widget.ListView
There is a onTouchEvent method   Handler:Handler (android.view.ViewRootImpl$ViewRootHandler) {41f8eb48}   class: class android.widget.ListView  id: 2131558489
Widget id: za.co.lukestonehm.logicaldefence:id/lv
#WidgetID: za.co.lukestonehm.logicaldefence:id/lv
#Hash: 1107069216
#SourceActivity: za.co.lukestonehm.logicaldefence.MainActivity
Source Activity za.co.lukestonehm.logicaldefence.MainActivity
#Handler: Handler (android.view.ViewRootImpl$ViewRootHandler) {41f8eb48}
#Class: class android.widget.RelativeLayout
There is a onTouchEvent method   Handler:Handler (android.view.ViewRootImpl$ViewRootHandler) {41f8eb48}   class: class android.widget.RelativeLayout  id: -1
WidgetID: NONE
#Class: class android.widget.RelativeLayout
#Hash: 1107038728
#SourceActivity: za.co.lukestonehm.logicaldefence.MainActivity
Source Activity za.co.lukestonehm.logicaldefence.MainActivity
#Handler: Handler (android.view.ViewRootImpl$ViewRootHandler) {41f8eb48}
#Class: class android.support.v7.widget.RecyclerView
There is a onTouchEvent method   Handler:Handler (android.view.ViewRootImpl$ViewRootHandler) {41f8eb48}   class: class android.support.v7.widget.RecyclerView  id: 2131558490
Widget id: za.co.lukestonehm.logicaldefence:id/sec_rv
#WidgetID: za.co.lukestonehm.logicaldefence:id/sec_rv
#Hash: 1107052408
#SourceActivity: za.co.lukestonehm.logicaldefence.MainActivity
Source Activity za.co.lukestonehm.logicaldefence.MainActivity
#Handler: Handler (android.view.ViewRootImpl$ViewRootHandler) {41f8eb48}
#Class: class android.widget.RelativeLayout
There is a onTouchEvent method   Handler:Handler (android.view.ViewRootImpl$ViewRootHandler) {41f8eb48}   class: class android.widget.RelativeLayout  id: -1
WidgetID: NONE
#Class: class android.widget.RelativeLayout
#Hash: 1107086240
#SourceActivity: za.co.lukestonehm.logicaldefence.MainActivity
Source Activity za.co.lukestonehm.logicaldefence.MainActivity
#Handler: Handler (android.view.ViewRootImpl$ViewRootHandler) {41f8eb48}
#Class: class android.widget.RelativeLayout
There is a onTouchEvent method   Handler:Handler (android.view.ViewRootImpl$ViewRootHandler) {41f8eb48}   class: class android.widget.RelativeLayout  id: -1
WidgetID: NONE
#Class: class android.widget.RelativeLayout
#Hash: 1106808752
#SourceActivity: za.co.lukestonehm.logicaldefence.MainActivity
Source Activity za.co.lukestonehm.logicaldefence.MainActivity
#Handler: Handler (android.view.ViewRootImpl$ViewRootHandler) {41f8eb48}
#Class: class android.widget.ImageButton
There is a onTouchEvent method   Handler:Handler (android.view.ViewRootImpl$ViewRootHandler) {41f8eb48}   class: class android.widget.ImageButton  id: -1
WidgetID: NONE
#Class: class android.widget.ImageButton
#Hash: 1106800272
#SourceActivity: za.co.lukestonehm.logicaldefence.MainActivity
Source Activity za.co.lukestonehm.logicaldefence.MainActivity
#Handler: Handler (android.view.ViewRootImpl$ViewRootHandler) {41f8eb48}
#Class: class android.widget.ListView
There is a onTouchEvent method   Handler:Handler (android.view.ViewRootImpl$ViewRootHandler) {41f8eb48}   class: class android.widget.ListView  id: 2131558489
Widget id: za.co.lukestonehm.logicaldefence:id/lv
#WidgetID: za.co.lukestonehm.logicaldefence:id/lv
#Hash: 1107336168
#SourceActivity: za.co.lukestonehm.logicaldefence.MainActivity
Source Activity za.co.lukestonehm.logicaldefence.MainActivity
#Handler: Handler (android.view.ViewRootImpl$ViewRootHandler) {41f8eb48}
#Class: class android.widget.RelativeLayout
There is a onTouchEvent method   Handler:Handler (android.view.ViewRootImpl$ViewRootHandler) {41f8eb48}   class: class android.widget.RelativeLayout  id: -1
WidgetID: NONE
#Class: class android.widget.RelativeLayout
#Hash: 1107353000
#SourceActivity: za.co.lukestonehm.logicaldefence.MainActivity
Source Activity za.co.lukestonehm.logicaldefence.MainActivity
#Handler: Handler (android.view.ViewRootImpl$ViewRootHandler) {41f8eb48}
#Class: class android.widget.RelativeLayout
There is a onTouchEvent method   Handler:Handler (android.view.ViewRootImpl$ViewRootHandler) {41f8eb48}   class: class android.widget.RelativeLayout  id: -1
WidgetID: NONE
#Class: class android.widget.RelativeLayout
#Hash: 1107369832
#SourceActivity: za.co.lukestonehm.logicaldefence.MainActivity
Source Activity za.co.lukestonehm.logicaldefence.MainActivity
#Handler: Handler (android.view.ViewRootImpl$ViewRootHandler) {41f8eb48}
#Class: class android.widget.RelativeLayout
There is a onTouchEvent method   Handler:Handler (android.view.ViewRootImpl$ViewRootHandler) {41f8eb48}   class: class android.widget.RelativeLayout  id: -1
WidgetID: NONE
#Class: class android.widget.RelativeLayout
#Hash: 1107487960
#SourceActivity: za.co.lukestonehm.logicaldefence.MainActivity
Source Activity za.co.lukestonehm.logicaldefence.MainActivity
#Handler: Handler (android.view.ViewRootImpl$ViewRootHandler) {41f8eb48}
#Class: class android.widget.RelativeLayout
There is a onTouchEvent method   Handler:Handler (android.view.ViewRootImpl$ViewRootHandler) {41f8eb48}   class: class android.widget.RelativeLayout  id: -1
WidgetID: NONE
#Class: class android.widget.RelativeLayout
#Hash: 1107369832
#SourceActivity: za.co.lukestonehm.logicaldefence.MainActivity
Source Activity za.co.lukestonehm.logicaldefence.MainActivity
#Handler: Handler (android.view.ViewRootImpl$ViewRootHandler) {41f8eb48}
#Class: class android.widget.RelativeLayout
There is a onTouchEvent method   Handler:Handler (android.view.ViewRootImpl$ViewRootHandler) {41f8eb48}   class: class android.widget.RelativeLayout  id: -1
WidgetID: NONE
#Class: class android.widget.RelativeLayout
#Hash: 1107469848
#SourceActivity: za.co.lukestonehm.logicaldefence.MainActivity
Source Activity za.co.lukestonehm.logicaldefence.MainActivity
#Handler: Handler (android.view.ViewRootImpl$ViewRootHandler) {41f8eb48}
#Class: class android.widget.RelativeLayout
There is a onTouchEvent method   Handler:Handler (android.view.ViewRootImpl$ViewRootHandler) {41f8eb48}   class: class android.widget.RelativeLayout  id: -1
WidgetID: NONE
#Class: class android.widget.RelativeLayout
#Hash: 1107469848
#SourceActivity: za.co.lukestonehm.logicaldefence.MainActivity
Source Activity za.co.lukestonehm.logicaldefence.MainActivity
#Handler: Handler (android.view.ViewRootImpl$ViewRootHandler) {41f8eb48}
#Class: class android.widget.RelativeLayout
There is a onTouchEvent method   Handler:Handler (android.view.ViewRootImpl$ViewRootHandler) {41f8eb48}   class: class android.widget.RelativeLayout  id: -1
WidgetID: NONE
#Class: class android.widget.RelativeLayout
#Hash: 1106808752
#SourceActivity: za.co.lukestonehm.logicaldefence.MainActivity
Source Activity za.co.lukestonehm.logicaldefence.MainActivity
#Handler: Handler (android.view.ViewRootImpl$ViewRootHandler) {41f8eb48}
#Class: class android.widget.ImageButton
There is a onTouchEvent method   Handler:Handler (android.view.ViewRootImpl$ViewRootHandler) {41f8eb48}   class: class android.widget.ImageButton  id: -1
WidgetID: NONE
#Class: class android.widget.ImageButton
#Hash: 1106800272
#SourceActivity: za.co.lukestonehm.logicaldefence.MainActivity
Source Activity za.co.lukestonehm.logicaldefence.MainActivity
#Handler: Handler (android.view.ViewRootImpl$ViewRootHandler) {41f8eb48}
#Class: class android.widget.ListView
There is a onTouchEvent method   Handler:Handler (android.view.ViewRootImpl$ViewRootHandler) {41f8eb48}   class: class android.widget.ListView  id: 2131558489
Widget id: za.co.lukestonehm.logicaldefence:id/lv
#WidgetID: za.co.lukestonehm.logicaldefence:id/lv
#Hash: 1107667024
#SourceActivity: za.co.lukestonehm.logicaldefence.MainActivity
Source Activity za.co.lukestonehm.logicaldefence.MainActivity
#Handler: Handler (android.view.ViewRootImpl$ViewRootHandler) {41f8eb48}
#Class: class android.widget.RelativeLayout
There is a onTouchEvent method   Handler:Handler (android.view.ViewRootImpl$ViewRootHandler) {41f8eb48}   class: class android.widget.RelativeLayout  id: -1
WidgetID: NONE
#Class: class android.widget.RelativeLayout
#Hash: 1107634040
#SourceActivity: za.co.lukestonehm.logicaldefence.MainActivity
Source Activity za.co.lukestonehm.logicaldefence.MainActivity
#Handler: Handler (android.view.ViewRootImpl$ViewRootHandler) {41f8eb48}
#Class: class android.support.v7.widget.RecyclerView
There is a onTouchEvent method   Handler:Handler (android.view.ViewRootImpl$ViewRootHandler) {41f8eb48}   class: class android.support.v7.widget.RecyclerView  id: 2131558490
Widget id: za.co.lukestonehm.logicaldefence:id/sec_rv
#WidgetID: za.co.lukestonehm.logicaldefence:id/sec_rv
#Hash: 1107771440
#SourceActivity: za.co.lukestonehm.logicaldefence.MainActivity
Source Activity za.co.lukestonehm.logicaldefence.MainActivity
#Handler: Handler (android.view.ViewRootImpl$ViewRootHandler) {41f8eb48}
#Class: class android.widget.RelativeLayout
There is a onTouchEvent method   Handler:Handler (android.view.ViewRootImpl$ViewRootHandler) {41f8eb48}   class: class android.widget.RelativeLayout  id: -1
WidgetID: NONE
#Class: class android.widget.RelativeLayout
#Hash: 1106808752
#SourceActivity: za.co.lukestonehm.logicaldefence.MainActivity
Source Activity za.co.lukestonehm.logicaldefence.MainActivity
#Handler: Handler (android.view.ViewRootImpl$ViewRootHandler) {41f8eb48}
#Class: class android.widget.ImageButton
There is a onTouchEvent method   Handler:Handler (android.view.ViewRootImpl$ViewRootHandler) {41f8eb48}   class: class android.widget.ImageButton  id: -1
WidgetID: NONE
#Class: class android.widget.ImageButton
#Hash: 1106800272
#SourceActivity: za.co.lukestonehm.logicaldefence.MainActivity
Source Activity za.co.lukestonehm.logicaldefence.MainActivity
#Handler: Handler (android.view.ViewRootImpl$ViewRootHandler) {41f8eb48}
#Class: class android.widget.ListView
There is a onTouchEvent method   Handler:Handler (android.view.ViewRootImpl$ViewRootHandler) {41f8eb48}   class: class android.widget.ListView  id: 2131558489
Widget id: za.co.lukestonehm.logicaldefence:id/lv
#WidgetID: za.co.lukestonehm.logicaldefence:id/lv
#Hash: 1107938640
#SourceActivity: za.co.lukestonehm.logicaldefence.MainActivity
Source Activity za.co.lukestonehm.logicaldefence.MainActivity
#Handler: Handler (android.view.ViewRootImpl$ViewRootHandler) {41f8eb48}
#Class: class android.widget.RelativeLayout
There is a onTouchEvent method   Handler:Handler (android.view.ViewRootImpl$ViewRootHandler) {41f8eb48}   class: class android.widget.RelativeLayout  id: -1
WidgetID: NONE
#Class: class android.widget.RelativeLayout
#Hash: 1107972304
#SourceActivity: za.co.lukestonehm.logicaldefence.MainActivity
Source Activity za.co.lukestonehm.logicaldefence.MainActivity
#Handler: Handler (android.view.ViewRootImpl$ViewRootHandler) {41f8eb48}
#Class: class android.widget.RelativeLayout
There is a onTouchEvent method   Handler:Handler (android.view.ViewRootImpl$ViewRootHandler) {41f8eb48}   class: class android.widget.RelativeLayout  id: -1
WidgetID: NONE
#Class: class android.widget.RelativeLayout
#Hash: 1108053288
#SourceActivity: za.co.lukestonehm.logicaldefence.MainActivity
Source Activity za.co.lukestonehm.logicaldefence.MainActivity
#Handler: Handler (android.view.ViewRootImpl$ViewRootHandler) {41f8eb48}
#Class: class android.widget.RelativeLayout
There is a onTouchEvent method   Handler:Handler (android.view.ViewRootImpl$ViewRootHandler) {41f8eb48}   class: class android.widget.RelativeLayout  id: -1
WidgetID: NONE
#Class: class android.widget.RelativeLayout
#Hash: 1106808752
#SourceActivity: za.co.lukestonehm.logicaldefence.MainActivity
Source Activity za.co.lukestonehm.logicaldefence.MainActivity
#Handler: Handler (android.view.ViewRootImpl$ViewRootHandler) {41f8eb48}
#Class: class android.widget.ImageButton
There is a onTouchEvent method   Handler:Handler (android.view.ViewRootImpl$ViewRootHandler) {41f8eb48}   class: class android.widget.ImageButton  id: -1
WidgetID: NONE
#Class: class android.widget.ImageButton
#Hash: 1106800272
#SourceActivity: za.co.lukestonehm.logicaldefence.MainActivity
Source Activity za.co.lukestonehm.logicaldefence.MainActivity
#Handler: Handler (android.view.ViewRootImpl$ViewRootHandler) {41f8eb48}
#Class: class android.widget.ListView
There is a onTouchEvent method   Handler:Handler (android.view.ViewRootImpl$ViewRootHandler) {41f8eb48}   class: class android.widget.ListView  id: 2131558489
Widget id: za.co.lukestonehm.logicaldefence:id/lv
#WidgetID: za.co.lukestonehm.logicaldefence:id/lv
#Hash: 1106785472
#SourceActivity: za.co.lukestonehm.logicaldefence.MainActivity
Source Activity za.co.lukestonehm.logicaldefence.MainActivity
#Handler: Handler (android.view.ViewRootImpl$ViewRootHandler) {41f8eb48}
#Class: class android.support.v4.widget.DrawerLayout
There is a onTouchEvent method   Handler:Handler (android.view.ViewRootImpl$ViewRootHandler) {41f8eb48}   class: class android.support.v4.widget.DrawerLayout  id: 2131558483
Widget id: za.co.lukestonehm.logicaldefence:id/drawer_layout
#WidgetID: za.co.lukestonehm.logicaldefence:id/drawer_layout
#Hash: 1108187608
#SourceActivity: za.co.lukestonehm.logicaldefence.MainActivity
Source Activity za.co.lukestonehm.logicaldefence.MainActivity
#Handler: Handler (android.view.ViewRootImpl$ViewRootHandler) {41f8eb48}
#Class: class android.widget.RelativeLayout
There is a onTouchEvent method   Handler:Handler (android.view.ViewRootImpl$ViewRootHandler) {41f8eb48}   class: class android.widget.RelativeLayout  id: -1
WidgetID: NONE
#Class: class android.widget.RelativeLayout
#Hash: 1108155528
#SourceActivity: za.co.lukestonehm.logicaldefence.MainActivity
Source Activity za.co.lukestonehm.logicaldefence.MainActivity
#Handler: Handler (android.view.ViewRootImpl$ViewRootHandler) {41f8eb48}
#Class: class android.support.v7.widget.RecyclerView
There is a onTouchEvent method   Handler:Handler (android.view.ViewRootImpl$ViewRootHandler) {41f8eb48}   class: class android.support.v7.widget.RecyclerView  id: 2131558490
Widget id: za.co.lukestonehm.logicaldefence:id/sec_rv
#WidgetID: za.co.lukestonehm.logicaldefence:id/sec_rv
#Hash: 1108304824
#SourceActivity: za.co.lukestonehm.logicaldefence.MainActivity
Source Activity za.co.lukestonehm.logicaldefence.MainActivity
#Handler: Handler (android.view.ViewRootImpl$ViewRootHandler) {41f8eb48}
#Class: class android.widget.RelativeLayout
There is a onTouchEvent method   Handler:Handler (android.view.ViewRootImpl$ViewRootHandler) {41f8eb48}   class: class android.widget.RelativeLayout  id: -1
WidgetID: NONE
#Class: class android.widget.RelativeLayout
#Hash: 1108155528
#SourceActivity: za.co.lukestonehm.logicaldefence.MainActivity
Source Activity za.co.lukestonehm.logicaldefence.MainActivity
#Handler: Handler (android.view.ViewRootImpl$ViewRootHandler) {41f8eb48}
#Class: class android.support.v7.widget.RecyclerView
There is a onTouchEvent method   Handler:Handler (android.view.ViewRootImpl$ViewRootHandler) {41f8eb48}   class: class android.support.v7.widget.RecyclerView  id: 2131558490
Widget id: za.co.lukestonehm.logicaldefence:id/sec_rv
#WidgetID: za.co.lukestonehm.logicaldefence:id/sec_rv
#Hash: 1108304824
#SourceActivity: za.co.lukestonehm.logicaldefence.MainActivity
Source Activity za.co.lukestonehm.logicaldefence.MainActivity
#Handler: Handler (android.view.ViewRootImpl$ViewRootHandler) {41f8eb48}
#Class: class android.widget.RelativeLayout
There is a onTouchEvent method   Handler:Handler (android.view.ViewRootImpl$ViewRootHandler) {41f8eb48}   class: class android.widget.RelativeLayout  id: -1
WidgetID: NONE
#Class: class android.widget.RelativeLayout
#Hash: 1106808752
#SourceActivity: za.co.lukestonehm.logicaldefence.MainActivity
Source Activity za.co.lukestonehm.logicaldefence.MainActivity
#Handler: Handler (android.view.ViewRootImpl$ViewRootHandler) {41f8eb48}
#Class: class android.widget.ImageButton
There is a onTouchEvent method   Handler:Handler (android.view.ViewRootImpl$ViewRootHandler) {41f8eb48}   class: class android.widget.ImageButton  id: -1
WidgetID: NONE
#Class: class android.widget.ImageButton
#Hash: 1106800272
#SourceActivity: za.co.lukestonehm.logicaldefence.MainActivity
Source Activity za.co.lukestonehm.logicaldefence.MainActivity
#Handler: Handler (android.view.ViewRootImpl$ViewRootHandler) {41f8eb48}
#Class: class android.widget.ListView
There is a onTouchEvent method   Handler:Handler (android.view.ViewRootImpl$ViewRootHandler) {41f8eb48}   class: class android.widget.ListView  id: 2131558489
Widget id: za.co.lukestonehm.logicaldefence:id/lv
#WidgetID: za.co.lukestonehm.logicaldefence:id/lv
#Hash: 1108520152
#SourceActivity: za.co.lukestonehm.logicaldefence.MainActivity
Source Activity za.co.lukestonehm.logicaldefence.MainActivity
#Handler: Handler (android.view.ViewRootImpl$ViewRootHandler) {41f8eb48}
#Class: class android.widget.RelativeLayout
There is a onTouchEvent method   Handler:Handler (android.view.ViewRootImpl$ViewRootHandler) {41f8eb48}   class: class android.widget.RelativeLayout  id: -1
WidgetID: NONE
#Class: class android.widget.RelativeLayout
#Hash: 1108570624
#SourceActivity: za.co.lukestonehm.logicaldefence.MainActivity
Source Activity za.co.lukestonehm.logicaldefence.MainActivity
#Handler: Handler (android.view.ViewRootImpl$ViewRootHandler) {41f8eb48}
#Class: class android.widget.RelativeLayout
There is a onTouchEvent method   Handler:Handler (android.view.ViewRootImpl$ViewRootHandler) {41f8eb48}   class: class android.widget.RelativeLayout  id: -1
WidgetID: NONE
#Class: class android.widget.RelativeLayout
#Hash: 1108536984
#SourceActivity: za.co.lukestonehm.logicaldefence.MainActivity
Source Activity za.co.lukestonehm.logicaldefence.MainActivity
#Handler: Handler (android.view.ViewRootImpl$ViewRootHandler) {41f8eb48}
#Class: class android.widget.RelativeLayout
There is a onTouchEvent method   Handler:Handler (android.view.ViewRootImpl$ViewRootHandler) {41f8eb48}   class: class android.widget.RelativeLayout  id: -1
WidgetID: NONE
#Class: class android.widget.RelativeLayout
#Hash: 1106808752
#SourceActivity: za.co.lukestonehm.logicaldefence.MainActivity
Source Activity za.co.lukestonehm.logicaldefence.MainActivity
#Handler: Handler (android.view.ViewRootImpl$ViewRootHandler) {41f8eb48}
#Class: class android.widget.ImageButton
There is a onTouchEvent method   Handler:Handler (android.view.ViewRootImpl$ViewRootHandler) {41f8eb48}   class: class android.widget.ImageButton  id: -1
WidgetID: NONE
#Class: class android.widget.ImageButton
#Hash: 1108486488
#SourceActivity: za.co.lukestonehm.logicaldefence.MainActivity
Source Activity za.co.lukestonehm.logicaldefence.MainActivity
#Handler: Handler (android.view.ViewRootImpl$ViewRootHandler) {41f8eb48}
#Class: class android.widget.RelativeLayout
There is a onTouchEvent method   Handler:Handler (android.view.ViewRootImpl$ViewRootHandler) {41f8eb48}   class: class android.widget.RelativeLayout  id: -1
WidgetID: NONE
#Class: class android.widget.RelativeLayout
#Hash: 1106808752
#SourceActivity: za.co.lukestonehm.logicaldefence.MainActivity
Source Activity za.co.lukestonehm.logicaldefence.MainActivity
#Handler: Handler (android.view.ViewRootImpl$ViewRootHandler) {41f8eb48}
#Class: class android.widget.ImageButton
There is a onTouchEvent method   Handler:Handler (android.view.ViewRootImpl$ViewRootHandler) {41f8eb48}   class: class android.widget.ImageButton  id: -1
WidgetID: NONE
#Class: class android.widget.ImageButton
#Hash: 1106808752
#SourceActivity: za.co.lukestonehm.logicaldefence.MainActivity
Source Activity za.co.lukestonehm.logicaldefence.MainActivity
#Handler: Handler (android.view.ViewRootImpl$ViewRootHandler) {41f8eb48}
#Class: class android.widget.ImageButton
There is a onTouchEvent method   Handler:Handler (android.view.ViewRootImpl$ViewRootHandler) {41f8eb48}   class: class android.widget.ImageButton  id: -1
WidgetID: NONE
#Class: class android.widget.ImageButton
#Hash: 1106785472
#SourceActivity: za.co.lukestonehm.logicaldefence.MainActivity
Source Activity za.co.lukestonehm.logicaldefence.MainActivity
#Handler: Handler (android.view.ViewRootImpl$ViewRootHandler) {41f8eb48}
#Class: class android.support.v4.widget.DrawerLayout
There is a onTouchEvent method   Handler:Handler (android.view.ViewRootImpl$ViewRootHandler) {41f8eb48}   class: class android.support.v4.widget.DrawerLayout  id: 2131558483
Widget id: za.co.lukestonehm.logicaldefence:id/drawer_layout
#WidgetID: za.co.lukestonehm.logicaldefence:id/drawer_layout
#Hash: 1108486488
#SourceActivity: za.co.lukestonehm.logicaldefence.MainActivity
Source Activity za.co.lukestonehm.logicaldefence.MainActivity
#Handler: Handler (android.view.ViewRootImpl$ViewRootHandler) {41f8eb48}
#Class: class android.widget.RelativeLayout
There is a onTouchEvent method   Handler:Handler (android.view.ViewRootImpl$ViewRootHandler) {41f8eb48}   class: class android.widget.RelativeLayout  id: -1
WidgetID: NONE
#Class: class android.widget.RelativeLayout
#Hash: BACK
#Event: BACK
#SourceActivity: za.co.lukestonehm.logicaldefence.MainActivity
#Hash: 1108889496
#SourceActivity: za.co.lukestonehm.logicaldefence.MainActivity
Source Activity za.co.lukestonehm.logicaldefence.MainActivity
#Handler: Handler (android.view.ViewRootImpl$ViewRootHandler) {4216b850}
#Class: class android.support.v7.widget.ActionMenuPresenter$OverflowMenuButton
There is a onTouchEvent method   Handler:Handler (android.view.ViewRootImpl$ViewRootHandler) {4216b850}   class: class android.support.v7.widget.ActionMenuPresenter$OverflowMenuButton  id: -1
WidgetID: NONE
#Class: class android.support.v7.widget.ActionMenuPresenter$OverflowMenuButton
#Hash: 1109036456
#SourceActivity: za.co.lukestonehm.logicaldefence.MainActivity
Source Activity za.co.lukestonehm.logicaldefence.MainActivity
#Handler: Handler (android.view.ViewRootImpl$ViewRootHandler) {421b68a8}
#Class: class android.support.v7.widget.ListPopupWindow$DropDownListView
There is a onTouchEvent method   Handler:Handler (android.view.ViewRootImpl$ViewRootHandler) {421b68a8}   class: class android.support.v7.widget.ListPopupWindow$DropDownListView  id: -1
WidgetID: NONE
#Class: class android.support.v7.widget.ListPopupWindow$DropDownListView
#Hash: 1109193024
#SourceActivity: za.co.lukestonehm.logicaldefence.About
Source Activity za.co.lukestonehm.logicaldefence.About
#Handler: Handler (android.view.ViewRootImpl$ViewRootHandler) {421d1f30}
#Class: class android.support.v7.widget.AppCompatTextView
There is a onTouchEvent method   Handler:Handler (android.view.ViewRootImpl$ViewRootHandler) {421d1f30}   class: class android.support.v7.widget.AppCompatTextView  id: 2131558482
Widget id: za.co.lukestonehm.logicaldefence:id/about_more
#WidgetID: za.co.lukestonehm.logicaldefence:id/about_more
#Hash: 1109193024
#SourceActivity: za.co.lukestonehm.logicaldefence.About
Source Activity za.co.lukestonehm.logicaldefence.About
#Handler: Handler (android.view.ViewRootImpl$ViewRootHandler) {421d1f30}
#Class: class android.support.v7.widget.AppCompatTextView
There is a onTouchEvent method   Handler:Handler (android.view.ViewRootImpl$ViewRootHandler) {421d1f30}   class: class android.support.v7.widget.AppCompatTextView  id: 2131558482
Widget id: za.co.lukestonehm.logicaldefence:id/about_more
#WidgetID: za.co.lukestonehm.logicaldefence:id/about_more
#Hash: 1109193024
#SourceActivity: za.co.lukestonehm.logicaldefence.About
Source Activity za.co.lukestonehm.logicaldefence.About
#Handler: Handler (android.view.ViewRootImpl$ViewRootHandler) {421d1f30}
#Class: class android.support.v7.widget.AppCompatTextView
There is a onTouchEvent method   Handler:Handler (android.view.ViewRootImpl$ViewRootHandler) {421d1f30}   class: class android.support.v7.widget.AppCompatTextView  id: 2131558482
Widget id: za.co.lukestonehm.logicaldefence:id/about_more
#WidgetID: za.co.lukestonehm.logicaldefence:id/about_more
#Hash: 1109193024
#SourceActivity: za.co.lukestonehm.logicaldefence.About
Source Activity za.co.lukestonehm.logicaldefence.About
#Handler: Handler (android.view.ViewRootImpl$ViewRootHandler) {421d1f30}
#Class: class android.support.v7.widget.AppCompatTextView
There is a onTouchEvent method   Handler:Handler (android.view.ViewRootImpl$ViewRootHandler) {421d1f30}   class: class android.support.v7.widget.AppCompatTextView  id: 2131558482
Widget id: za.co.lukestonehm.logicaldefence:id/about_more
#WidgetID: za.co.lukestonehm.logicaldefence:id/about_more
#Hash: 1109193024
#SourceActivity: za.co.lukestonehm.logicaldefence.About
Source Activity za.co.lukestonehm.logicaldefence.About
#Handler: Handler (android.view.ViewRootImpl$ViewRootHandler) {421d1f30}
#Class: class android.support.v7.widget.AppCompatTextView
There is a onTouchEvent method   Handler:Handler (android.view.ViewRootImpl$ViewRootHandler) {421d1f30}   class: class android.support.v7.widget.AppCompatTextView  id: 2131558482
Widget id: za.co.lukestonehm.logicaldefence:id/about_more
#WidgetID: za.co.lukestonehm.logicaldefence:id/about_more
#Hash: 1109193024
#SourceActivity: za.co.lukestonehm.logicaldefence.About
Source Activity za.co.lukestonehm.logicaldefence.About
#Handler: Handler (android.view.ViewRootImpl$ViewRootHandler) {421d1f30}
#Class: class android.support.v7.widget.AppCompatTextView
There is a onTouchEvent method   Handler:Handler (android.view.ViewRootImpl$ViewRootHandler) {421d1f30}   class: class android.support.v7.widget.AppCompatTextView  id: 2131558482
Widget id: za.co.lukestonehm.logicaldefence:id/about_more
#WidgetID: za.co.lukestonehm.logicaldefence:id/about_more
#Hash: 1109193024
#SourceActivity: za.co.lukestonehm.logicaldefence.About
Source Activity za.co.lukestonehm.logicaldefence.About
#Handler: Handler (android.view.ViewRootImpl$ViewRootHandler) {421d1f30}
#Class: class android.support.v7.widget.AppCompatTextView
There is a onTouchEvent method   Handler:Handler (android.view.ViewRootImpl$ViewRootHandler) {421d1f30}   class: class android.support.v7.widget.AppCompatTextView  id: 2131558482
Widget id: za.co.lukestonehm.logicaldefence:id/about_more
#WidgetID: za.co.lukestonehm.logicaldefence:id/about_more
#Hash: 1109193024
#SourceActivity: za.co.lukestonehm.logicaldefence.About
Source Activity za.co.lukestonehm.logicaldefence.About
#Handler: Handler (android.view.ViewRootImpl$ViewRootHandler) {421d1f30}
#Class: class android.support.v7.widget.AppCompatTextView
There is a onTouchEvent method   Handler:Handler (android.view.ViewRootImpl$ViewRootHandler) {421d1f30}   class: class android.support.v7.widget.AppCompatTextView  id: 2131558482
Widget id: za.co.lukestonehm.logicaldefence:id/about_more
#WidgetID: za.co.lukestonehm.logicaldefence:id/about_more
#Hash: 1109193024
#SourceActivity: za.co.lukestonehm.logicaldefence.About
Source Activity za.co.lukestonehm.logicaldefence.About
#Handler: Handler (android.view.ViewRootImpl$ViewRootHandler) {421d1f30}
#Class: class android.support.v7.widget.AppCompatTextView
There is a onTouchEvent method   Handler:Handler (android.view.ViewRootImpl$ViewRootHandler) {421d1f30}   class: class android.support.v7.widget.AppCompatTextView  id: 2131558482
Widget id: za.co.lukestonehm.logicaldefence:id/about_more
#WidgetID: za.co.lukestonehm.logicaldefence:id/about_more
#Hash: 1109193024
#SourceActivity: za.co.lukestonehm.logicaldefence.About
Source Activity za.co.lukestonehm.logicaldefence.About
#Handler: Handler (android.view.ViewRootImpl$ViewRootHandler) {421d1f30}
#Class: class android.support.v7.widget.AppCompatTextView
There is a onTouchEvent method   Handler:Handler (android.view.ViewRootImpl$ViewRootHandler) {421d1f30}   class: class android.support.v7.widget.AppCompatTextView  id: 2131558482
Widget id: za.co.lukestonehm.logicaldefence:id/about_more
#WidgetID: za.co.lukestonehm.logicaldefence:id/about_more
#Hash: BACK
#Event: BACK
#SourceActivity: com.android.browser.BrowserActivity
#Hash: 1109193024
#SourceActivity: za.co.lukestonehm.logicaldefence.About
Source Activity za.co.lukestonehm.logicaldefence.About
#Handler: Handler (android.view.ViewRootImpl$ViewRootHandler) {421d1f30}
#Class: class android.support.v7.widget.AppCompatTextView
There is a onTouchEvent method   Handler:Handler (android.view.ViewRootImpl$ViewRootHandler) {421d1f30}   class: class android.support.v7.widget.AppCompatTextView  id: 2131558482
Widget id: za.co.lukestonehm.logicaldefence:id/about_more
#WidgetID: za.co.lukestonehm.logicaldefence:id/about_more
#Hash: 1109198688
#SourceActivity: za.co.lukestonehm.logicaldefence.About
Source Activity za.co.lukestonehm.logicaldefence.About
#Handler: Handler (android.view.ViewRootImpl$ViewRootHandler) {421d1f30}
#Class: class android.widget.ImageButton
There is a onTouchEvent method   Handler:Handler (android.view.ViewRootImpl$ViewRootHandler) {421d1f30}   class: class android.widget.ImageButton  id: -1
WidgetID: NONE
#Class: class android.widget.ImageButton
#Hash: 1109593056
#SourceActivity: za.co.lukestonehm.logicaldefence.MainActivity
Source Activity za.co.lukestonehm.logicaldefence.MainActivity
#Handler: Handler (android.view.ViewRootImpl$ViewRootHandler) {422173d0}
#Class: class android.support.v7.widget.ActionMenuPresenter$OverflowMenuButton
There is a onTouchEvent method   Handler:Handler (android.view.ViewRootImpl$ViewRootHandler) {422173d0}   class: class android.support.v7.widget.ActionMenuPresenter$OverflowMenuButton  id: -1
WidgetID: NONE
#Class: class android.support.v7.widget.ActionMenuPresenter$OverflowMenuButton
#Hash: 1109639344
#SourceActivity: za.co.lukestonehm.logicaldefence.MainActivity
Source Activity za.co.lukestonehm.logicaldefence.MainActivity
#Handler: Handler (android.view.ViewRootImpl$ViewRootHandler) {42240c28}
#Class: class android.support.v7.widget.ListPopupWindow$DropDownListView
There is a onTouchEvent method   Handler:Handler (android.view.ViewRootImpl$ViewRootHandler) {42240c28}   class: class android.support.v7.widget.ListPopupWindow$DropDownListView  id: -1
WidgetID: NONE
#Class: class android.support.v7.widget.ListPopupWindow$DropDownListView
#Hash: 1109719960
#SourceActivity: za.co.lukestonehm.logicaldefence.MainActivity
#DialogClass: class android.support.v7.app.AlertDialog
This Dialog No Title
#Hash: 1109724632
#SourceActivity: za.co.lukestonehm.logicaldefence.MainActivity
Source Activity za.co.lukestonehm.logicaldefence.MainActivity
#Handler: Handler (android.view.ViewRootImpl$ViewRootHandler) {42266ed0}
#Class: class android.widget.ListView
There is a onTouchEvent method   Handler:Handler (android.view.ViewRootImpl$ViewRootHandler) {42266ed0}   class: class android.widget.ListView  id: 2131558480
Widget id: za.co.lukestonehm.logicaldefence:id/select_dialog_listview
#WidgetID: za.co.lukestonehm.logicaldefence:id/select_dialog_listview
#Hash: 1110156624
#SourceActivity: za.co.lukestonehm.logicaldefence.MainActivity
Source Activity za.co.lukestonehm.logicaldefence.MainActivity
#Handler: Handler (android.view.ViewRootImpl$ViewRootHandler) {422a09d8}
#Class: class android.support.v7.widget.ActionMenuPresenter$OverflowMenuButton
There is a onTouchEvent method   Handler:Handler (android.view.ViewRootImpl$ViewRootHandler) {422a09d8}   class: class android.support.v7.widget.ActionMenuPresenter$OverflowMenuButton  id: -1
WidgetID: NONE
#Class: class android.support.v7.widget.ActionMenuPresenter$OverflowMenuButton
#Hash: 1106239904
#SourceActivity: za.co.lukestonehm.logicaldefence.MainActivity
Source Activity za.co.lukestonehm.logicaldefence.MainActivity
#Handler: Handler (android.view.ViewRootImpl$ViewRootHandler) {42218680}
#Class: class android.support.v7.widget.ListPopupWindow$DropDownListView
There is a onTouchEvent method   Handler:Handler (android.view.ViewRootImpl$ViewRootHandler) {42218680}   class: class android.support.v7.widget.ListPopupWindow$DropDownListView  id: -1
WidgetID: NONE
#Class: class android.support.v7.widget.ListPopupWindow$DropDownListView
#Hash: 1106213744
#SourceActivity: za.co.lukestonehm.logicaldefence.MainActivity
#DialogClass: class android.support.v7.app.AlertDialog
This Dialog No Title
#Hash: 1106039632
#SourceActivity: za.co.lukestonehm.logicaldefence.MainActivity
Source Activity za.co.lukestonehm.logicaldefence.MainActivity
#Handler: Handler (android.view.ViewRootImpl$ViewRootHandler) {41f638f8}
#Class: class android.widget.ListView
There is a onTouchEvent method   Handler:Handler (android.view.ViewRootImpl$ViewRootHandler) {41f638f8}   class: class android.widget.ListView  id: 2131558480
Widget id: za.co.lukestonehm.logicaldefence:id/select_dialog_listview
#WidgetID: za.co.lukestonehm.logicaldefence:id/select_dialog_listview
#Hash: 1106858320
#SourceActivity: za.co.lukestonehm.logicaldefence.MainActivity
Source Activity za.co.lukestonehm.logicaldefence.MainActivity
#Handler: Handler (android.view.ViewRootImpl$ViewRootHandler) {42104cc0}
#Class: class android.support.v7.widget.ActionMenuPresenter$OverflowMenuButton
There is a onTouchEvent method   Handler:Handler (android.view.ViewRootImpl$ViewRootHandler) {42104cc0}   class: class android.support.v7.widget.ActionMenuPresenter$OverflowMenuButton  id: -1
WidgetID: NONE
#Class: class android.support.v7.widget.ActionMenuPresenter$OverflowMenuButton
#Hash: 1107136416
#SourceActivity: za.co.lukestonehm.logicaldefence.MainActivity
Source Activity za.co.lukestonehm.logicaldefence.MainActivity
#Handler: Handler (android.view.ViewRootImpl$ViewRootHandler) {41e9f6d8}
#Class: class android.support.v7.widget.ListPopupWindow$DropDownListView
There is a onTouchEvent method   Handler:Handler (android.view.ViewRootImpl$ViewRootHandler) {41e9f6d8}   class: class android.support.v7.widget.ListPopupWindow$DropDownListView  id: -1
WidgetID: NONE
#Class: class android.support.v7.widget.ListPopupWindow$DropDownListView
#Hash: 1108432048
#SourceActivity: za.co.lukestonehm.logicaldefence.MainActivity
#DialogClass: class android.support.v7.app.AlertDialog
This Dialog No Title
#Hash: 1106074872
#SourceActivity: za.co.lukestonehm.logicaldefence.MainActivity
Source Activity za.co.lukestonehm.logicaldefence.MainActivity
#Handler: Handler (android.view.ViewRootImpl$ViewRootHandler) {420a46a8}
#Class: class android.widget.ListView
There is a onTouchEvent method   Handler:Handler (android.view.ViewRootImpl$ViewRootHandler) {420a46a8}   class: class android.widget.ListView  id: 2131558480
Widget id: za.co.lukestonehm.logicaldefence:id/select_dialog_listview
#WidgetID: za.co.lukestonehm.logicaldefence:id/select_dialog_listview
#Hash: 1106485776
#SourceActivity: za.co.lukestonehm.logicaldefence.MainActivity
Source Activity za.co.lukestonehm.logicaldefence.MainActivity
#Handler: Handler (android.view.ViewRootImpl$ViewRootHandler) {421b1be0}
#Class: class android.support.v7.widget.ActionMenuPresenter$OverflowMenuButton
There is a onTouchEvent method   Handler:Handler (android.view.ViewRootImpl$ViewRootHandler) {421b1be0}   class: class android.support.v7.widget.ActionMenuPresenter$OverflowMenuButton  id: -1
WidgetID: NONE
#Class: class android.support.v7.widget.ActionMenuPresenter$OverflowMenuButton
#Hash: 1107450144
#SourceActivity: za.co.lukestonehm.logicaldefence.MainActivity
Source Activity za.co.lukestonehm.logicaldefence.MainActivity
#Handler: Handler (android.view.ViewRootImpl$ViewRootHandler) {41e970d0}
#Class: class android.support.v7.widget.ListPopupWindow$DropDownListView
There is a onTouchEvent method   Handler:Handler (android.view.ViewRootImpl$ViewRootHandler) {41e970d0}   class: class android.support.v7.widget.ListPopupWindow$DropDownListView  id: -1
WidgetID: NONE
#Class: class android.support.v7.widget.ListPopupWindow$DropDownListView
#Hash: 1107094024
#SourceActivity: za.co.lukestonehm.logicaldefence.MainActivity
#DialogClass: class android.support.v7.app.AlertDialog
This Dialog No Title
#Hash: 1107163712
#SourceActivity: za.co.lukestonehm.logicaldefence.MainActivity
Source Activity za.co.lukestonehm.logicaldefence.MainActivity
#Handler: Handler (android.view.ViewRootImpl$ViewRootHandler) {42146238}
#Class: class android.widget.ListView
There is a onTouchEvent method   Handler:Handler (android.view.ViewRootImpl$ViewRootHandler) {42146238}   class: class android.widget.ListView  id: 2131558480
Widget id: za.co.lukestonehm.logicaldefence:id/select_dialog_listview
#WidgetID: za.co.lukestonehm.logicaldefence:id/select_dialog_listview
#Hash: 1109028896
#SourceActivity: za.co.lukestonehm.logicaldefence.MainActivity
Source Activity za.co.lukestonehm.logicaldefence.MainActivity
#Handler: Handler (android.view.ViewRootImpl$ViewRootHandler) {41ef4730}
#Class: class android.support.v7.widget.ActionMenuPresenter$OverflowMenuButton
There is a onTouchEvent method   Handler:Handler (android.view.ViewRootImpl$ViewRootHandler) {41ef4730}   class: class android.support.v7.widget.ActionMenuPresenter$OverflowMenuButton  id: -1
WidgetID: NONE
#Class: class android.support.v7.widget.ActionMenuPresenter$OverflowMenuButton
#Hash: 1106032432
#SourceActivity: za.co.lukestonehm.logicaldefence.MainActivity
Source Activity za.co.lukestonehm.logicaldefence.MainActivity
#Handler: Handler (android.view.ViewRootImpl$ViewRootHandler) {42105a50}
#Class: class android.support.v7.widget.ListPopupWindow$DropDownListView
There is a onTouchEvent method   Handler:Handler (android.view.ViewRootImpl$ViewRootHandler) {42105a50}   class: class android.support.v7.widget.ListPopupWindow$DropDownListView  id: -1
WidgetID: NONE
#Class: class android.support.v7.widget.ListPopupWindow$DropDownListView
#Hash: 1109040248
#SourceActivity: za.co.lukestonehm.logicaldefence.MainActivity
#DialogClass: class android.support.v7.app.AlertDialog
This Dialog No Title
#Hash: 1105982328
#SourceActivity: za.co.lukestonehm.logicaldefence.MainActivity
Source Activity za.co.lukestonehm.logicaldefence.MainActivity
#Handler: Handler (android.view.ViewRootImpl$ViewRootHandler) {422a5e08}
#Class: class android.widget.ListView
There is a onTouchEvent method   Handler:Handler (android.view.ViewRootImpl$ViewRootHandler) {422a5e08}   class: class android.widget.ListView  id: 2131558480
Widget id: za.co.lukestonehm.logicaldefence:id/select_dialog_listview
#WidgetID: za.co.lukestonehm.logicaldefence:id/select_dialog_listview
#Hash: 1109845600
#SourceActivity: za.co.lukestonehm.logicaldefence.MainActivity
Source Activity za.co.lukestonehm.logicaldefence.MainActivity
#Handler: Handler (android.view.ViewRootImpl$ViewRootHandler) {4229d510}
#Class: class android.support.v7.widget.ActionMenuPresenter$OverflowMenuButton
There is a onTouchEvent method   Handler:Handler (android.view.ViewRootImpl$ViewRootHandler) {4229d510}   class: class android.support.v7.widget.ActionMenuPresenter$OverflowMenuButton  id: -1
WidgetID: NONE
#Class: class android.support.v7.widget.ActionMenuPresenter$OverflowMenuButton
#Hash: 1108587424
#SourceActivity: za.co.lukestonehm.logicaldefence.MainActivity
Source Activity za.co.lukestonehm.logicaldefence.MainActivity
#Handler: Handler (android.view.ViewRootImpl$ViewRootHandler) {42245238}
#Class: class android.support.v7.widget.ListPopupWindow$DropDownListView
There is a onTouchEvent method   Handler:Handler (android.view.ViewRootImpl$ViewRootHandler) {42245238}   class: class android.support.v7.widget.ListPopupWindow$DropDownListView  id: -1
WidgetID: NONE
#Class: class android.support.v7.widget.ListPopupWindow$DropDownListView
#Hash: 1109426736
#SourceActivity: za.co.lukestonehm.logicaldefence.MainActivity
#DialogClass: class android.support.v7.app.AlertDialog
This Dialog No Title
#Hash: 1109719928
#SourceActivity: za.co.lukestonehm.logicaldefence.MainActivity
Source Activity za.co.lukestonehm.logicaldefence.MainActivity
#Handler: Handler (android.view.ViewRootImpl$ViewRootHandler) {421b6400}
#Class: class android.widget.ListView
There is a onTouchEvent method   Handler:Handler (android.view.ViewRootImpl$ViewRootHandler) {421b6400}   class: class android.widget.ListView  id: 2131558480
Widget id: za.co.lukestonehm.logicaldefence:id/select_dialog_listview
#WidgetID: za.co.lukestonehm.logicaldefence:id/select_dialog_listview
#Hash: 1102856680
#SourceActivity: za.co.lukestonehm.logicaldefence.MainActivity
Source Activity za.co.lukestonehm.logicaldefence.MainActivity
#Handler: Handler (android.view.ViewRootImpl$ViewRootHandler) {421879a8}
#Class: class android.support.v7.widget.ActionMenuPresenter$OverflowMenuButton
There is a onTouchEvent method   Handler:Handler (android.view.ViewRootImpl$ViewRootHandler) {421879a8}   class: class android.support.v7.widget.ActionMenuPresenter$OverflowMenuButton  id: -1
WidgetID: NONE
#Class: class android.support.v7.widget.ActionMenuPresenter$OverflowMenuButton
#Hash: 1109423296
#SourceActivity: za.co.lukestonehm.logicaldefence.MainActivity
Source Activity za.co.lukestonehm.logicaldefence.MainActivity
#Handler: Handler (android.view.ViewRootImpl$ViewRootHandler) {41fe7e90}
#Class: class android.support.v7.widget.ListPopupWindow$DropDownListView
There is a onTouchEvent method   Handler:Handler (android.view.ViewRootImpl$ViewRootHandler) {41fe7e90}   class: class android.support.v7.widget.ListPopupWindow$DropDownListView  id: -1
WidgetID: NONE
#Class: class android.support.v7.widget.ListPopupWindow$DropDownListView
#Hash: 1106675760
#SourceActivity: za.co.lukestonehm.logicaldefence.MainActivity
#DialogClass: class android.support.v7.app.AlertDialog
This Dialog No Title
#Hash: 1109899224
#SourceActivity: za.co.lukestonehm.logicaldefence.MainActivity
Source Activity za.co.lukestonehm.logicaldefence.MainActivity
#Handler: Handler (android.view.ViewRootImpl$ViewRootHandler) {420babe8}
#Class: class android.widget.ListView
There is a onTouchEvent method   Handler:Handler (android.view.ViewRootImpl$ViewRootHandler) {420babe8}   class: class android.widget.ListView  id: 2131558480
Widget id: za.co.lukestonehm.logicaldefence:id/select_dialog_listview
#WidgetID: za.co.lukestonehm.logicaldefence:id/select_dialog_listview
#Hash: 1109839536
#SourceActivity: za.co.lukestonehm.logicaldefence.MainActivity
Source Activity za.co.lukestonehm.logicaldefence.MainActivity
#Handler: Handler (android.view.ViewRootImpl$ViewRootHandler) {41ef5d40}
#Class: class android.support.v7.widget.ActionMenuPresenter$OverflowMenuButton
There is a onTouchEvent method   Handler:Handler (android.view.ViewRootImpl$ViewRootHandler) {41ef5d40}   class: class android.support.v7.widget.ActionMenuPresenter$OverflowMenuButton  id: -1
WidgetID: NONE
#Class: class android.support.v7.widget.ActionMenuPresenter$OverflowMenuButton
#Hash: 1109438192
#SourceActivity: za.co.lukestonehm.logicaldefence.MainActivity
Source Activity za.co.lukestonehm.logicaldefence.MainActivity
#Handler: Handler (android.view.ViewRootImpl$ViewRootHandler) {41ff6678}
#Class: class android.support.v7.widget.ListPopupWindow$DropDownListView
There is a onTouchEvent method   Handler:Handler (android.view.ViewRootImpl$ViewRootHandler) {41ff6678}   class: class android.support.v7.widget.ListPopupWindow$DropDownListView  id: -1
WidgetID: NONE
#Class: class android.support.v7.widget.ListPopupWindow$DropDownListView
#Hash: 1102946168
#SourceActivity: za.co.lukestonehm.logicaldefence.MainActivity
#DialogClass: class android.support.v7.app.AlertDialog
This Dialog No Title
#Hash: 1109075528
#SourceActivity: za.co.lukestonehm.logicaldefence.MainActivity
Source Activity za.co.lukestonehm.logicaldefence.MainActivity
#Handler: Handler (android.view.ViewRootImpl$ViewRootHandler) {42218640}
#Class: class android.widget.ListView
There is a onTouchEvent method   Handler:Handler (android.view.ViewRootImpl$ViewRootHandler) {42218640}   class: class android.widget.ListView  id: 2131558480
Widget id: za.co.lukestonehm.logicaldefence:id/select_dialog_listview
#WidgetID: za.co.lukestonehm.logicaldefence:id/select_dialog_listview
#Hash: 1108184904
#SourceActivity: za.co.lukestonehm.logicaldefence.MainActivity
Source Activity za.co.lukestonehm.logicaldefence.MainActivity
#Handler: Handler (android.view.ViewRootImpl$ViewRootHandler) {42180d60}
#Class: class android.widget.ImageButton
There is a onTouchEvent method   Handler:Handler (android.view.ViewRootImpl$ViewRootHandler) {42180d60}   class: class android.widget.ImageButton  id: -1
WidgetID: NONE
#Class: class android.widget.ImageButton
#Hash: 1106933928
#SourceActivity: za.co.lukestonehm.logicaldefence.MainActivity
Source Activity za.co.lukestonehm.logicaldefence.MainActivity
#Handler: Handler (android.view.ViewRootImpl$ViewRootHandler) {42180d60}
#Class: class android.widget.ListView
There is a onTouchEvent method   Handler:Handler (android.view.ViewRootImpl$ViewRootHandler) {42180d60}   class: class android.widget.ListView  id: 2131558489
Widget id: za.co.lukestonehm.logicaldefence:id/lv
#WidgetID: za.co.lukestonehm.logicaldefence:id/lv
